[ 2015-06-22T21:22:22+08:00 ] 127.0.0.1 /onethink/admin.php?s=/User/index.html
INFO: [ app_init ] --START--
INFO: Run Behavior\BuildLiteBehavior [ RunTime:0.000042s ]
INFO: Run Common\Behavior\InitHookBehavior [ RunTime:0.012897s ]
INFO: [ app_init ] --END-- [ RunTime:0.013673s ]
INFO: [ app_begin ] --START--
INFO: Run Behavior\ReadHtmlCacheBehavior [ RunTime:0.000892s ]
INFO: [ app_begin ] --END-- [ RunTime:0.000962s ]

[ 2015-06-22T21:22:22+08:00 ] 127.0.0.1 /onethink/admin.php?s=/Public/login.html
INFO: [ app_init ] --START--
INFO: Run Behavior\BuildLiteBehavior [ RunTime:0.000014s ]
INFO: Run Common\Behavior\InitHookBehavior [ RunTime:0.000242s ]
INFO: [ app_init ] --END-- [ RunTime:0.000363s ]
INFO: [ app_begin ] --START--
INFO: Run Behavior\ReadHtmlCacheBehavior [ RunTime:0.000042s ]
INFO: [ app_begin ] --END-- [ RunTime:0.000087s ]
INFO: [ view_parse ] --START--
INFO: [ template_filter ] --START--
INFO: Run Behavior\ContentReplaceBehavior [ RunTime:0.000060s ]
INFO: [ template_filter ] --END-- [ RunTime:0.000127s ]
INFO: Run Behavior\ParseTemplateBehavior [ RunTime:0.124437s ]
INFO: [ view_parse ] --END-- [ RunTime:0.124506s ]
INFO: [ view_filter ] --START--
INFO: Run Behavior\WriteHtmlCacheBehavior [ RunTime:0.006214s ]
INFO: [ view_filter ] --END-- [ RunTime:0.006257s ]
INFO: [ app_end ] --START--
INFO: Run Behavior\ShowPageTraceBehavior [ RunTime:0.000995s ]
INFO: [ app_end ] --END-- [ RunTime:0.001046s ]

[ 2015-06-22T21:22:26+08:00 ] 127.0.0.1 /onethink/admin.php?s=/Public/login.html
INFO: [ app_init ] --START--
INFO: Run Behavior\BuildLiteBehavior [ RunTime:0.000024s ]
INFO: Run Common\Behavior\InitHookBehavior [ RunTime:0.000529s ]
INFO: [ app_init ] --END-- [ RunTime:0.000762s ]
INFO: [ app_begin ] --START--
INFO: Run Behavior\ReadHtmlCacheBehavior [ RunTime:0.000107s ]
INFO: [ app_begin ] --END-- [ RunTime:0.000220s ]
NOTIC: [8] Undefined index: lite /var/www/onethink/ThinkPHP/Library/Think/Db.class.php 第 37 行.
SQL: SHOW COLUMNS FROM `ot_member` [ RunTime:0.0010s ]
SQL: SELECT `uid`,`nickname`,`sex`,`birthday`,`qq`,`score`,`login`,`reg_ip`,`reg_time`,`last_login_ip`,`last_login_time`,`status` FROM `ot_member` WHERE `uid` = 1 LIMIT 1   [ RunTime:0.0005s ]
SQL: SHOW COLUMNS FROM `ot_action` [ RunTime:0.0008s ]
SQL: SELECT * FROM `ot_action` WHERE `name` = 'user_login' LIMIT 1   [ RunTime:0.0089s ]
SQL: SHOW COLUMNS FROM `ot_action_log` [ RunTime:0.0008s ]
SQL: INSERT INTO `ot_action_log` (`action_id`,`user_id`,`action_ip`,`model`,`record_id`,`create_time`,`remark`) VALUES ('1','1','2130706433','member','1','1434979345','kangbiao在2015-06-22 21:22登录了后台') [ RunTime:0.0449s ]
SQL: SELECT * FROM `ot_action` WHERE `name` = 'user_login' LIMIT 1   [ RunTime:0.0002s ]
NOTIC: [8] Undefined offset: 1 /var/www/onethink/Application/Common/Common/function.php 第 679 行.
NOTIC: [2] array_key_exists() expects parameter 2 to be array, null given /var/www/onethink/Application/Common/Common/function.php 第 679 行.
SQL: SELECT COUNT(*) AS tp_count FROM `ot_action_log` WHERE `action_id` = 1 AND `user_id` = 1 AND `create_time` > 1434892945 LIMIT 1   [ RunTime:0.0380s ]
SQL: SHOW COLUMNS FROM `ot_member` [ RunTime:0.0009s ]
SQL: UPDATE `ot_member` SET `score`=score+10 WHERE ( uid=1 AND status>-1 ) [ RunTime:0.0003s ]
SQL: UPDATE `ot_member` SET `login`=`login`+1,`last_login_time`='1434979345',`last_login_ip`='2130706433' WHERE `uid` = 1 [ RunTime:0.0003s ]

[ 2015-06-22T21:22:26+08:00 ] 127.0.0.1 /onethink/admin.php?s=/Index/index.html
INFO: [ app_init ] --START--
INFO: Run Behavior\BuildLiteBehavior [ RunTime:0.000016s ]
INFO: Run Common\Behavior\InitHookBehavior [ RunTime:0.000273s ]
INFO: [ app_init ] --END-- [ RunTime:0.000413s ]
INFO: [ app_begin ] --START--
INFO: Run Behavior\ReadHtmlCacheBehavior [ RunTime:0.000044s ]
INFO: [ app_begin ] --END-- [ RunTime:0.000095s ]
SQL: SHOW COLUMNS FROM `ot_menu` [ RunTime:0.0010s ]
SQL: SELECT `id`,`title`,`url` FROM `ot_menu` WHERE `pid` = 0 AND `hide` = 0 ORDER BY sort asc  [ RunTime:0.0117s ]
SQL: SELECT `pid` FROM `ot_menu` WHERE ( pid !=0 AND url like '%Index/index%' ) LIMIT 1   [ RunTime:0.0007s ]
INFO: [ view_parse ] --START--
INFO: [ template_filter ] --START--
INFO: Run Behavior\ContentReplaceBehavior [ RunTime:0.000094s ]
INFO: [ template_filter ] --END-- [ RunTime:0.000154s ]
INFO: [ AdminIndex ] --START--
SQL: SHOW COLUMNS FROM `ot_addons` [ RunTime:0.0012s ]
SQL: SELECT `config` FROM `ot_addons` WHERE `name` = 'SiteStat' AND `status` = 1 LIMIT 1   [ RunTime:0.0160s ]
SQL: SHOW COLUMNS FROM `ot_member` [ RunTime:0.0012s ]
SQL: SELECT COUNT(*) AS tp_count FROM `ot_member` LIMIT 1   [ RunTime:0.0002s ]
SQL: SHOW COLUMNS FROM `ot_action_log` [ RunTime:0.0008s ]
SQL: SELECT COUNT(*) AS tp_count FROM `ot_action_log` LIMIT 1   [ RunTime:0.0002s ]
SQL: SHOW COLUMNS FROM `ot_document` [ RunTime:0.0012s ]
SQL: SELECT COUNT(*) AS tp_count FROM `ot_document` LIMIT 1   [ RunTime:0.0002s ]
SQL: SHOW COLUMNS FROM `ot_category` [ RunTime:0.0015s ]
SQL: SELECT COUNT(*) AS tp_count FROM `ot_category` LIMIT 1   [ RunTime:0.0003s ]
SQL: SHOW COLUMNS FROM `ot_model` [ RunTime:0.0012s ]
SQL: SELECT COUNT(*) AS tp_count FROM `ot_model` LIMIT 1   [ RunTime:0.0003s ]
INFO: [ view_parse ] --START--
INFO: [ template_filter ] --START--
INFO: Run Behavior\ContentReplaceBehavior [ RunTime:0.000035s ]
INFO: [ template_filter ] --END-- [ RunTime:-0.067015s ]
INFO: Run Behavior\ParseTemplateBehavior [ RunTime:0.001854s ]
INFO: [ view_parse ] --END-- [ RunTime:0.001898s ]
INFO: [ view_filter ] --START--
INFO: Run Behavior\WriteHtmlCacheBehavior [ RunTime:0.000060s ]
INFO: [ view_filter ] --END-- [ RunTime:0.000101s ]
INFO: Run Addons\SiteStat\SiteStatAddon [ RunTime:0.049432s ]
SQL: SELECT `config` FROM `ot_addons` WHERE `name` = 'DevTeam' AND `status` = 1 LIMIT 1   [ RunTime:0.0004s ]
INFO: [ view_parse ] --START--
INFO: [ template_filter ] --START--
INFO: Run Behavior\ContentReplaceBehavior [ RunTime:0.000043s ]
INFO: [ template_filter ] --END-- [ RunTime:-0.090691s ]
INFO: Run Behavior\ParseTemplateBehavior [ RunTime:0.022312s ]
INFO: [ view_parse ] --END-- [ RunTime:-0.001355s ]
INFO: [ view_filter ] --START--
INFO: Run Behavior\WriteHtmlCacheBehavior [ RunTime:0.000012s ]
INFO: [ view_filter ] --END-- [ RunTime:-0.023614s ]
INFO: Run Addons\DevTeam\DevTeamAddon [ RunTime:0.023643s ]
INFO: [ AdminIndex ] --END-- [ RunTime:0.073137s ]
INFO: Run Behavior\ParseTemplateBehavior [ RunTime:0.022496s ]
INFO: [ view_parse ] --END-- [ RunTime:-0.001355s ]
INFO: [ view_filter ] --START--
INFO: Run Behavior\WriteHtmlCacheBehavior [ RunTime:0.000008s ]
INFO: [ view_filter ] --END-- [ RunTime:-0.023782s ]
INFO: [ app_end ] --START--
INFO: Run Behavior\ShowPageTraceBehavior [ RunTime:0.000092s ]
INFO: [ app_end ] --END-- [ RunTime:0.000156s ]

[ 2015-06-22T21:22:27+08:00 ] 127.0.0.1 /onethink/admin.php?s=/Article/index.html
INFO: [ app_init ] --START--
INFO: Run Behavior\BuildLiteBehavior [ RunTime:0.000010s ]
INFO: Run Common\Behavior\InitHookBehavior [ RunTime:0.000152s ]
INFO: [ app_init ] --END-- [ RunTime:0.000231s ]
INFO: [ app_begin ] --START--
INFO: Run Behavior\ReadHtmlCacheBehavior [ RunTime:0.000023s ]
INFO: [ app_begin ] --END-- [ RunTime:0.000049s ]
SQL: SHOW COLUMNS FROM `ot_menu` [ RunTime:0.0006s ]
SQL: SELECT `id`,`title`,`url` FROM `ot_menu` WHERE `pid` = 0 AND `hide` = 0 ORDER BY sort asc  [ RunTime:0.0002s ]
SQL: SELECT `pid` FROM `ot_menu` WHERE ( pid !=0 AND url like '%Article/index%' ) LIMIT 1   [ RunTime:0.0003s ]
SQL: SELECT * FROM `ot_menu` WHERE `id` = 2 LIMIT 1   [ RunTime:0.0003s ]
SQL: SELECT DISTINCT  `group` FROM `ot_menu` WHERE `group` <> '' AND `pid` = 2  [ RunTime:0.0004s ]
SQL: SELECT `id`,`url` FROM `ot_menu` WHERE `pid` = 2 AND `hide` = 0  [ RunTime:0.0003s ]
SQL: SELECT `id`,`pid`,`title`,`url`,`tip` FROM `ot_menu` WHERE `group` = '内容' AND `pid` = 2 AND `hide` = 0 ORDER BY sort asc  [ RunTime:0.0004s ]
SQL: SHOW COLUMNS FROM `ot_auth_group_access` [ RunTime:0.0008s ]
SQL: SELECT `extend_id` FROM ot_auth_group_access g INNER JOIN ot_auth_extend c on g.group_id=c.group_id  WHERE ( g.uid='1' and c.type='1' and !isnull(extend_id) )  [ RunTime:0.0002s ]
SQL: SHOW COLUMNS FROM `ot_category` [ RunTime:0.0012s ]
SQL: SELECT `id`,`title`,`pid`,`allow_publish` FROM `ot_category` WHERE `status` = 1 ORDER BY pid,sort  [ RunTime:0.0002s ]
SQL: SHOW COLUMNS FROM `ot_model` [ RunTime:0.0007s ]
SQL: SELECT * FROM `ot_model` WHERE `name` = 'document' LIMIT 1   [ RunTime:0.0150s ]
SQL: SHOW COLUMNS FROM `ot_document` [ RunTime:0.0011s ]
SQL: SELECT COUNT(*) AS tp_count FROM ot_document DOCUMENT WHERE `status` IN ('0','1','2') AND `pid` = 0 LIMIT 1   [ RunTime:0.0003s ]
SQL: SELECT `id`,`title`,`type`,`update_time`,`status`,`view`,`category_id`,`model_id`,`pid` FROM ot_document DOCUMENT WHERE `status` IN ('0','1','2') AND `pid` = 0 ORDER BY level DESC,DOCUMENT.id DESC LIMIT 0,10   [ RunTime:0.0004s ]
SQL: SELECT `extend` FROM `ot_model` WHERE `id` = 1 LIMIT 1   [ RunTime:0.0001s ]
SQL: SHOW COLUMNS FROM `ot_attribute` [ RunTime:0.0008s ]
SQL: SELECT `id`,`name`,`type`,`extra` FROM `ot_attribute` WHERE `model_id` = 1  [ RunTime:0.0116s ]
NOTIC: [8] Undefined variable: groups /var/www/onethink/Application/Admin/Controller/ArticleController.class.php 第 231 行.
INFO: [ view_parse ] --START--
INFO: [ template_filter ] --START--
INFO: Run Behavior\ContentReplaceBehavior [ RunTime:0.000247s ]
INFO: [ template_filter ] --END-- [ RunTime:0.000312s ]
INFO: Run Behavior\ParseTemplateBehavior [ RunTime:0.040116s ]
INFO: [ view_parse ] --END-- [ RunTime:0.040216s ]
INFO: [ view_filter ] --START--
INFO: Run Behavior\WriteHtmlCacheBehavior [ RunTime:0.000042s ]
INFO: [ view_filter ] --END-- [ RunTime:0.000073s ]
INFO: [ app_end ] --START--
INFO: Run Behavior\ShowPageTraceBehavior [ RunTime:0.000035s ]
INFO: [ app_end ] --END-- [ RunTime:0.000070s ]

[ 2015-06-22T21:22:28+08:00 ] 127.0.0.1 /onethink/admin.php?s=/User/index.html
INFO: [ app_init ] --START--
INFO: Run Behavior\BuildLiteBehavior [ RunTime:0.000010s ]
INFO: Run Common\Behavior\InitHookBehavior [ RunTime:0.000168s ]
INFO: [ app_init ] --END-- [ RunTime:0.000250s ]
INFO: [ app_begin ] --START--
INFO: Run Behavior\ReadHtmlCacheBehavior [ RunTime:0.000024s ]
INFO: [ app_begin ] --END-- [ RunTime:0.000050s ]
SQL: SHOW COLUMNS FROM `ot_menu` [ RunTime:0.0011s ]
SQL: SELECT `id`,`title`,`url` FROM `ot_menu` WHERE `pid` = 0 AND `hide` = 0 ORDER BY sort asc  [ RunTime:0.0002s ]
SQL: SELECT `pid` FROM `ot_menu` WHERE ( pid !=0 AND url like '%User/index%' ) LIMIT 1   [ RunTime:0.0008s ]
SQL: SELECT * FROM `ot_menu` WHERE `id` = 16 LIMIT 1   [ RunTime:0.0003s ]
SQL: SELECT DISTINCT  `group` FROM `ot_menu` WHERE `group` <> '' AND `pid` = 16  [ RunTime:0.0005s ]
SQL: SELECT `id`,`url` FROM `ot_menu` WHERE `pid` = 16 AND `hide` = 0  [ RunTime:0.0003s ]
SQL: SELECT `id`,`pid`,`title`,`url`,`tip` FROM `ot_menu` WHERE `group` = '用户管理' AND `pid` = 16 AND `hide` = 0 ORDER BY sort asc  [ RunTime:0.0004s ]
SQL: SELECT `id`,`pid`,`title`,`url`,`tip` FROM `ot_menu` WHERE `group` = '行为管理' AND `pid` = 16 AND `hide` = 0 ORDER BY sort asc  [ RunTime:0.0004s ]
SQL: SHOW COLUMNS FROM `ot_member` [ RunTime:0.0012s ]
SQL: SELECT COUNT(*) AS tp_count FROM `ot_member` WHERE `status` >= 0 AND `nickname` LIKE '%%' LIMIT 1   [ RunTime:0.0004s ]
SQL: SELECT `uid`,`nickname`,`sex`,`birthday`,`qq`,`score`,`login`,`reg_ip`,`reg_time`,`last_login_ip`,`last_login_time`,`status` FROM `ot_member` WHERE `status` >= 0 AND `nickname` LIKE '%%' ORDER BY uid desc LIMIT 0,10   [ RunTime:0.0003s ]
INFO: [ view_parse ] --START--
INFO: [ template_filter ] --START--
INFO: Run Behavior\ContentReplaceBehavior [ RunTime:0.000113s ]
INFO: [ template_filter ] --END-- [ RunTime:0.000166s ]
INFO: Run Behavior\ParseTemplateBehavior [ RunTime:0.049915s ]
INFO: [ view_parse ] --END-- [ RunTime:0.049967s ]
INFO: [ view_filter ] --START--
INFO: Run Behavior\WriteHtmlCacheBehavior [ RunTime:0.000038s ]
INFO: [ view_filter ] --END-- [ RunTime:0.000066s ]
INFO: [ app_end ] --START--
INFO: Run Behavior\ShowPageTraceBehavior [ RunTime:0.000029s ]
INFO: [ app_end ] --END-- [ RunTime:0.000080s ]

[ 2015-06-22T21:22:29+08:00 ] 127.0.0.1 /onethink/admin.php?s=/Article/index.html
INFO: [ app_init ] --START--
INFO: Run Behavior\BuildLiteBehavior [ RunTime:0.000028s ]
INFO: Run Common\Behavior\InitHookBehavior [ RunTime:0.000475s ]
INFO: [ app_init ] --END-- [ RunTime:0.000720s ]
INFO: [ app_begin ] --START--
INFO: Run Behavior\ReadHtmlCacheBehavior [ RunTime:0.000074s ]
INFO: [ app_begin ] --END-- [ RunTime:0.000164s ]
SQL: SHOW COLUMNS FROM `ot_menu` [ RunTime:0.0010s ]
SQL: SELECT `id`,`title`,`url` FROM `ot_menu` WHERE `pid` = 0 AND `hide` = 0 ORDER BY sort asc  [ RunTime:0.0001s ]
SQL: SELECT `pid` FROM `ot_menu` WHERE ( pid !=0 AND url like '%Article/index%' ) LIMIT 1   [ RunTime:0.0001s ]
SQL: SELECT * FROM `ot_menu` WHERE `id` = 2 LIMIT 1   [ RunTime:0.0001s ]
SQL: SELECT DISTINCT  `group` FROM `ot_menu` WHERE `group` <> '' AND `pid` = 2  [ RunTime:0.0001s ]
SQL: SELECT `id`,`url` FROM `ot_menu` WHERE `pid` = 2 AND `hide` = 0  [ RunTime:0.0001s ]
SQL: SELECT `id`,`pid`,`title`,`url`,`tip` FROM `ot_menu` WHERE `group` = '内容' AND `pid` = 2 AND `hide` = 0 ORDER BY sort asc  [ RunTime:0.0001s ]
SQL: SHOW COLUMNS FROM `ot_auth_group_access` [ RunTime:0.0007s ]
SQL: SELECT `extend_id` FROM ot_auth_group_access g INNER JOIN ot_auth_extend c on g.group_id=c.group_id  WHERE ( g.uid='1' and c.type='1' and !isnull(extend_id) )  [ RunTime:0.0001s ]
SQL: SHOW COLUMNS FROM `ot_category` [ RunTime:0.0013s ]
SQL: SELECT `id`,`title`,`pid`,`allow_publish` FROM `ot_category` WHERE `status` = 1 ORDER BY pid,sort  [ RunTime:0.0001s ]
SQL: SHOW COLUMNS FROM `ot_model` [ RunTime:0.0012s ]
SQL: SELECT * FROM `ot_model` WHERE `name` = 'document' LIMIT 1   [ RunTime:0.0001s ]
SQL: SHOW COLUMNS FROM `ot_document` [ RunTime:0.0016s ]
SQL: SELECT COUNT(*) AS tp_count FROM ot_document DOCUMENT WHERE `status` IN ('0','1','2') AND `pid` = 0 LIMIT 1   [ RunTime:0.0002s ]
SQL: SELECT `id`,`title`,`type`,`update_time`,`status`,`view`,`category_id`,`model_id`,`pid` FROM ot_document DOCUMENT WHERE `status` IN ('0','1','2') AND `pid` = 0 ORDER BY level DESC,DOCUMENT.id DESC LIMIT 0,10   [ RunTime:0.0001s ]
SQL: SELECT `extend` FROM `ot_model` WHERE `id` = 1 LIMIT 1   [ RunTime:0.0001s ]
SQL: SHOW COLUMNS FROM `ot_attribute` [ RunTime:0.0014s ]
SQL: SELECT `id`,`name`,`type`,`extra` FROM `ot_attribute` WHERE `model_id` = 1  [ RunTime:0.0001s ]
NOTIC: [8] Undefined variable: groups /var/www/onethink/Application/Admin/Controller/ArticleController.class.php 第 231 行.
INFO: [ view_parse ] --START--
INFO: [ template_filter ] --START--
INFO: Run Behavior\ContentReplaceBehavior [ RunTime:0.000278s ]
INFO: [ template_filter ] --END-- [ RunTime:0.000337s ]
INFO: Run Behavior\ParseTemplateBehavior [ RunTime:0.037756s ]
INFO: [ view_parse ] --END-- [ RunTime:0.037817s ]
INFO: [ view_filter ] --START--
INFO: Run Behavior\WriteHtmlCacheBehavior [ RunTime:0.000045s ]
INFO: [ view_filter ] --END-- [ RunTime:0.000081s ]
INFO: [ app_end ] --START--
INFO: Run Behavior\ShowPageTraceBehavior [ RunTime:0.000040s ]
INFO: [ app_end ] --END-- [ RunTime:0.000079s ]

[ 2015-06-22T21:22:30+08:00 ] 127.0.0.1 /onethink/admin.php?s=/Config/group.html
INFO: [ app_init ] --START--
INFO: Run Behavior\BuildLiteBehavior [ RunTime:0.000019s ]
INFO: Run Common\Behavior\InitHookBehavior [ RunTime:0.000380s ]
INFO: [ app_init ] --END-- [ RunTime:0.000566s ]
INFO: [ app_begin ] --START--
INFO: Run Behavior\ReadHtmlCacheBehavior [ RunTime:0.000051s ]
INFO: [ app_begin ] --END-- [ RunTime:0.000108s ]
SQL: SHOW COLUMNS FROM `ot_menu` [ RunTime:0.0011s ]
SQL: SELECT `id`,`title`,`url` FROM `ot_menu` WHERE `pid` = 0 AND `hide` = 0 ORDER BY sort asc  [ RunTime:0.0002s ]
SQL: SELECT `pid` FROM `ot_menu` WHERE ( pid !=0 AND url like '%Config/group%' ) LIMIT 1   [ RunTime:0.0006s ]
SQL: SELECT * FROM `ot_menu` WHERE `id` = 68 LIMIT 1   [ RunTime:0.0002s ]
SQL: SELECT DISTINCT  `group` FROM `ot_menu` WHERE `group` <> '' AND `pid` = 68  [ RunTime:0.0004s ]
SQL: SELECT `id`,`url` FROM `ot_menu` WHERE `pid` = 68 AND `hide` = 0  [ RunTime:0.0002s ]
SQL: SELECT `id`,`pid`,`title`,`url`,`tip` FROM `ot_menu` WHERE `group` = '系统设置' AND `pid` = 68 AND `hide` = 0 ORDER BY sort asc  [ RunTime:0.0003s ]
SQL: SELECT `id`,`pid`,`title`,`url`,`tip` FROM `ot_menu` WHERE `group` = '数据备份' AND `pid` = 68 AND `hide` = 0 ORDER BY sort asc  [ RunTime:0.0003s ]
SQL: SHOW COLUMNS FROM `ot_config` [ RunTime:0.0009s ]
SQL: SELECT `id`,`name`,`title`,`extra`,`value`,`remark`,`type` FROM `ot_config` WHERE `status` = 1 AND `group` = 1 ORDER BY sort  [ RunTime:0.0004s ]
INFO: [ view_parse ] --START--
INFO: [ template_filter ] --START--
INFO: Run Behavior\ContentReplaceBehavior [ RunTime:0.000168s ]
INFO: [ template_filter ] --END-- [ RunTime:0.000267s ]
INFO: Run Behavior\ParseTemplateBehavior [ RunTime:0.018549s ]
INFO: [ view_parse ] --END-- [ RunTime:0.018613s ]
INFO: [ view_filter ] --START--
INFO: Run Behavior\WriteHtmlCacheBehavior [ RunTime:0.000052s ]
INFO: [ view_filter ] --END-- [ RunTime:0.000090s ]
INFO: [ app_end ] --START--
INFO: Run Behavior\ShowPageTraceBehavior [ RunTime:0.000043s ]
INFO: [ app_end ] --END-- [ RunTime:0.000086s ]

[ 2015-06-22T21:22:30+08:00 ] 127.0.0.1 /onethink/admin.php?s=/User/index.html
INFO: [ app_init ] --START--
INFO: Run Behavior\BuildLiteBehavior [ RunTime:0.000021s ]
INFO: Run Common\Behavior\InitHookBehavior [ RunTime:0.000340s ]
INFO: [ app_init ] --END-- [ RunTime:0.000512s ]
INFO: [ app_begin ] --START--
INFO: Run Behavior\ReadHtmlCacheBehavior [ RunTime:0.000059s ]
INFO: [ app_begin ] --END-- [ RunTime:0.000111s ]
SQL: SHOW COLUMNS FROM `ot_menu` [ RunTime:0.0011s ]
SQL: SELECT `id`,`title`,`url` FROM `ot_menu` WHERE `pid` = 0 AND `hide` = 0 ORDER BY sort asc  [ RunTime:0.0001s ]
SQL: SELECT `pid` FROM `ot_menu` WHERE ( pid !=0 AND url like '%User/index%' ) LIMIT 1   [ RunTime:0.0001s ]
SQL: SELECT * FROM `ot_menu` WHERE `id` = 16 LIMIT 1   [ RunTime:0.0001s ]
SQL: SELECT DISTINCT  `group` FROM `ot_menu` WHERE `group` <> '' AND `pid` = 16  [ RunTime:0.0001s ]
SQL: SELECT `id`,`url` FROM `ot_menu` WHERE `pid` = 16 AND `hide` = 0  [ RunTime:0.0001s ]
SQL: SELECT `id`,`pid`,`title`,`url`,`tip` FROM `ot_menu` WHERE `group` = '用户管理' AND `pid` = 16 AND `hide` = 0 ORDER BY sort asc  [ RunTime:0.0001s ]
SQL: SELECT `id`,`pid`,`title`,`url`,`tip` FROM `ot_menu` WHERE `group` = '行为管理' AND `pid` = 16 AND `hide` = 0 ORDER BY sort asc  [ RunTime:0.0001s ]
SQL: SHOW COLUMNS FROM `ot_member` [ RunTime:0.0010s ]
SQL: SELECT COUNT(*) AS tp_count FROM `ot_member` WHERE `status` >= 0 AND `nickname` LIKE '%%' LIMIT 1   [ RunTime:0.0001s ]
SQL: SELECT `uid`,`nickname`,`sex`,`birthday`,`qq`,`score`,`login`,`reg_ip`,`reg_time`,`last_login_ip`,`last_login_time`,`status` FROM `ot_member` WHERE `status` >= 0 AND `nickname` LIKE '%%' ORDER BY uid desc LIMIT 0,10   [ RunTime:0.0001s ]
INFO: [ view_parse ] --START--
INFO: [ template_filter ] --START--
INFO: Run Behavior\ContentReplaceBehavior [ RunTime:0.000173s ]
INFO: [ template_filter ] --END-- [ RunTime:0.000248s ]
INFO: Run Behavior\ParseTemplateBehavior [ RunTime:0.016896s ]
INFO: [ view_parse ] --END-- [ RunTime:0.016958s ]
INFO: [ view_filter ] --START--
INFO: Run Behavior\WriteHtmlCacheBehavior [ RunTime:0.000052s ]
INFO: [ view_filter ] --END-- [ RunTime:0.000092s ]
INFO: [ app_end ] --START--
INFO: Run Behavior\ShowPageTraceBehavior [ RunTime:0.000046s ]
INFO: [ app_end ] --END-- [ RunTime:0.000089s ]

[ 2015-06-22T21:22:31+08:00 ] 127.0.0.1 /onethink/admin.php?s=/Article/index.html
INFO: [ app_init ] --START--
INFO: Run Behavior\BuildLiteBehavior [ RunTime:0.000018s ]
INFO: Run Common\Behavior\InitHookBehavior [ RunTime:0.000356s ]
INFO: [ app_init ] --END-- [ RunTime:0.000516s ]
INFO: [ app_begin ] --START--
INFO: Run Behavior\ReadHtmlCacheBehavior [ RunTime:0.000038s ]
INFO: [ app_begin ] --END-- [ RunTime:0.000081s ]
SQL: SHOW COLUMNS FROM `ot_menu` [ RunTime:0.0009s ]
SQL: SELECT `id`,`title`,`url` FROM `ot_menu` WHERE `pid` = 0 AND `hide` = 0 ORDER BY sort asc  [ RunTime:0.0001s ]
SQL: SELECT `pid` FROM `ot_menu` WHERE ( pid !=0 AND url like '%Article/index%' ) LIMIT 1   [ RunTime:0.0001s ]
SQL: SELECT * FROM `ot_menu` WHERE `id` = 2 LIMIT 1   [ RunTime:0.0001s ]
SQL: SELECT DISTINCT  `group` FROM `ot_menu` WHERE `group` <> '' AND `pid` = 2  [ RunTime:0.0001s ]
SQL: SELECT `id`,`url` FROM `ot_menu` WHERE `pid` = 2 AND `hide` = 0  [ RunTime:0.0001s ]
SQL: SELECT `id`,`pid`,`title`,`url`,`tip` FROM `ot_menu` WHERE `group` = '内容' AND `pid` = 2 AND `hide` = 0 ORDER BY sort asc  [ RunTime:0.0001s ]
SQL: SHOW COLUMNS FROM `ot_auth_group_access` [ RunTime:0.0007s ]
SQL: SELECT `extend_id` FROM ot_auth_group_access g INNER JOIN ot_auth_extend c on g.group_id=c.group_id  WHERE ( g.uid='1' and c.type='1' and !isnull(extend_id) )  [ RunTime:0.0001s ]
SQL: SHOW COLUMNS FROM `ot_category` [ RunTime:0.0012s ]
SQL: SELECT `id`,`title`,`pid`,`allow_publish` FROM `ot_category` WHERE `status` = 1 ORDER BY pid,sort  [ RunTime:0.0001s ]
SQL: SHOW COLUMNS FROM `ot_model` [ RunTime:0.0012s ]
SQL: SELECT * FROM `ot_model` WHERE `name` = 'document' LIMIT 1   [ RunTime:0.0001s ]
SQL: SHOW COLUMNS FROM `ot_document` [ RunTime:0.0012s ]
SQL: SELECT COUNT(*) AS tp_count FROM ot_document DOCUMENT WHERE `status` IN ('0','1','2') AND `pid` = 0 LIMIT 1   [ RunTime:0.0002s ]
SQL: SELECT `id`,`title`,`type`,`update_time`,`status`,`view`,`category_id`,`model_id`,`pid` FROM ot_document DOCUMENT WHERE `status` IN ('0','1','2') AND `pid` = 0 ORDER BY level DESC,DOCUMENT.id DESC LIMIT 0,10   [ RunTime:0.0001s ]
SQL: SELECT `extend` FROM `ot_model` WHERE `id` = 1 LIMIT 1   [ RunTime:0.0001s ]
SQL: SHOW COLUMNS FROM `ot_attribute` [ RunTime:0.0014s ]
SQL: SELECT `id`,`name`,`type`,`extra` FROM `ot_attribute` WHERE `model_id` = 1  [ RunTime:0.0001s ]
NOTIC: [8] Undefined variable: groups /var/www/onethink/Application/Admin/Controller/ArticleController.class.php 第 231 行.
INFO: [ view_parse ] --START--
INFO: [ template_filter ] --START--
INFO: Run Behavior\ContentReplaceBehavior [ RunTime:0.000255s ]
INFO: [ template_filter ] --END-- [ RunTime:0.000315s ]
INFO: Run Behavior\ParseTemplateBehavior [ RunTime:0.034717s ]
INFO: [ view_parse ] --END-- [ RunTime:0.034771s ]
INFO: [ view_filter ] --START--
INFO: Run Behavior\WriteHtmlCacheBehavior [ RunTime:0.000042s ]
INFO: [ view_filter ] --END-- [ RunTime:0.000073s ]
INFO: [ app_end ] --START--
INFO: Run Behavior\ShowPageTraceBehavior [ RunTime:0.000036s ]
INFO: [ app_end ] --END-- [ RunTime:0.000070s ]

[ 2015-06-22T21:22:32+08:00 ] 127.0.0.1 /onethink/admin.php?s=/User/index.html
INFO: [ app_init ] --START--
INFO: Run Behavior\BuildLiteBehavior [ RunTime:0.000018s ]
INFO: Run Common\Behavior\InitHookBehavior [ RunTime:0.000307s ]
INFO: [ app_init ] --END-- [ RunTime:0.000465s ]
INFO: [ app_begin ] --START--
INFO: Run Behavior\ReadHtmlCacheBehavior [ RunTime:0.000051s ]
INFO: [ app_begin ] --END-- [ RunTime:0.000108s ]
SQL: SHOW COLUMNS FROM `ot_menu` [ RunTime:0.0011s ]
SQL: SELECT `id`,`title`,`url` FROM `ot_menu` WHERE `pid` = 0 AND `hide` = 0 ORDER BY sort asc  [ RunTime:0.0002s ]
SQL: SELECT `pid` FROM `ot_menu` WHERE ( pid !=0 AND url like '%User/index%' ) LIMIT 1   [ RunTime:0.0002s ]
SQL: SELECT * FROM `ot_menu` WHERE `id` = 16 LIMIT 1   [ RunTime:0.0001s ]
SQL: SELECT DISTINCT  `group` FROM `ot_menu` WHERE `group` <> '' AND `pid` = 16  [ RunTime:0.0001s ]
SQL: SELECT `id`,`url` FROM `ot_menu` WHERE `pid` = 16 AND `hide` = 0  [ RunTime:0.0001s ]
SQL: SELECT `id`,`pid`,`title`,`url`,`tip` FROM `ot_menu` WHERE `group` = '用户管理' AND `pid` = 16 AND `hide` = 0 ORDER BY sort asc  [ RunTime:0.0002s ]
SQL: SELECT `id`,`pid`,`title`,`url`,`tip` FROM `ot_menu` WHERE `group` = '行为管理' AND `pid` = 16 AND `hide` = 0 ORDER BY sort asc  [ RunTime:0.0001s ]
SQL: SHOW COLUMNS FROM `ot_member` [ RunTime:0.0011s ]
SQL: SELECT COUNT(*) AS tp_count FROM `ot_member` WHERE `status` >= 0 AND `nickname` LIKE '%%' LIMIT 1   [ RunTime:0.0002s ]
SQL: SELECT `uid`,`nickname`,`sex`,`birthday`,`qq`,`score`,`login`,`reg_ip`,`reg_time`,`last_login_ip`,`last_login_time`,`status` FROM `ot_member` WHERE `status` >= 0 AND `nickname` LIKE '%%' ORDER BY uid desc LIMIT 0,10   [ RunTime:0.0001s ]
INFO: [ view_parse ] --START--
INFO: [ template_filter ] --START--
INFO: Run Behavior\ContentReplaceBehavior [ RunTime:0.000239s ]
INFO: [ template_filter ] --END-- [ RunTime:0.000349s ]
INFO: Run Behavior\ParseTemplateBehavior [ RunTime:0.019425s ]
INFO: [ view_parse ] --END-- [ RunTime:0.019511s ]
INFO: [ view_filter ] --START--
INFO: Run Behavior\WriteHtmlCacheBehavior [ RunTime:0.000077s ]
INFO: [ view_filter ] --END-- [ RunTime:0.000144s ]
INFO: [ app_end ] --START--
INFO: Run Behavior\ShowPageTraceBehavior [ RunTime:0.000064s ]
INFO: [ app_end ] --END-- [ RunTime:0.000136s ]

[ 2015-06-22T21:22:33+08:00 ] 127.0.0.1 /onethink/admin.php?s=/Config/group.html
INFO: [ app_init ] --START--
INFO: Run Behavior\BuildLiteBehavior [ RunTime:0.000017s ]
INFO: Run Common\Behavior\InitHookBehavior [ RunTime:0.000251s ]
INFO: [ app_init ] --END-- [ RunTime:0.000380s ]
INFO: [ app_begin ] --START--
INFO: Run Behavior\ReadHtmlCacheBehavior [ RunTime:0.000032s ]
INFO: [ app_begin ] --END-- [ RunTime:0.000070s ]
SQL: SHOW COLUMNS FROM `ot_menu` [ RunTime:0.0007s ]
SQL: SELECT `id`,`title`,`url` FROM `ot_menu` WHERE `pid` = 0 AND `hide` = 0 ORDER BY sort asc  [ RunTime:0.0001s ]
SQL: SELECT `pid` FROM `ot_menu` WHERE ( pid !=0 AND url like '%Config/group%' ) LIMIT 1   [ RunTime:0.0000s ]
SQL: SELECT * FROM `ot_menu` WHERE `id` = 68 LIMIT 1   [ RunTime:0.0000s ]
SQL: SELECT DISTINCT  `group` FROM `ot_menu` WHERE `group` <> '' AND `pid` = 68  [ RunTime:0.0001s ]
SQL: SELECT `id`,`url` FROM `ot_menu` WHERE `pid` = 68 AND `hide` = 0  [ RunTime:0.0001s ]
SQL: SELECT `id`,`pid`,`title`,`url`,`tip` FROM `ot_menu` WHERE `group` = '系统设置' AND `pid` = 68 AND `hide` = 0 ORDER BY sort asc  [ RunTime:0.0001s ]
SQL: SELECT `id`,`pid`,`title`,`url`,`tip` FROM `ot_menu` WHERE `group` = '数据备份' AND `pid` = 68 AND `hide` = 0 ORDER BY sort asc  [ RunTime:0.0001s ]
SQL: SHOW COLUMNS FROM `ot_config` [ RunTime:0.0009s ]
SQL: SELECT `id`,`name`,`title`,`extra`,`value`,`remark`,`type` FROM `ot_config` WHERE `status` = 1 AND `group` = 1 ORDER BY sort  [ RunTime:0.0001s ]
INFO: [ view_parse ] --START--
INFO: [ template_filter ] --START--
INFO: Run Behavior\ContentReplaceBehavior [ RunTime:0.000119s ]
INFO: [ template_filter ] --END-- [ RunTime:0.000170s ]
INFO: Run Behavior\ParseTemplateBehavior [ RunTime:0.015317s ]
INFO: [ view_parse ] --END-- [ RunTime:0.015372s ]
INFO: [ view_filter ] --START--
INFO: Run Behavior\WriteHtmlCacheBehavior [ RunTime:0.000044s ]
INFO: [ view_filter ] --END-- [ RunTime:0.000074s ]
INFO: [ app_end ] --START--
INFO: Run Behavior\ShowPageTraceBehavior [ RunTime:0.000043s ]
INFO: [ app_end ] --END-- [ RunTime:0.000083s ]

[ 2015-06-22T21:22:33+08:00 ] 127.0.0.1 /onethink/admin.php?s=/Addons/index.html
INFO: [ app_init ] --START--
INFO: Run Behavior\BuildLiteBehavior [ RunTime:0.000017s ]
INFO: Run Common\Behavior\InitHookBehavior [ RunTime:0.000290s ]
INFO: [ app_init ] --END-- [ RunTime:0.000439s ]
INFO: [ app_begin ] --START--
INFO: Run Behavior\ReadHtmlCacheBehavior [ RunTime:0.000047s ]
INFO: [ app_begin ] --END-- [ RunTime:0.000099s ]
SQL: SHOW COLUMNS FROM `ot_addons` [ RunTime:0.0010s ]
SQL: SELECT `title`,`name` FROM `ot_addons` WHERE ( status=1 AND has_adminlist=1 )  [ RunTime:0.0003s ]
SQL: SHOW COLUMNS FROM `ot_menu` [ RunTime:0.0008s ]
SQL: SELECT `id`,`title`,`url` FROM `ot_menu` WHERE `pid` = 0 AND `hide` = 0 ORDER BY sort asc  [ RunTime:0.0002s ]
SQL: SELECT `pid` FROM `ot_menu` WHERE ( pid !=0 AND url like '%Addons/index%' ) LIMIT 1   [ RunTime:0.0005s ]
SQL: SELECT * FROM `ot_menu` WHERE `id` = 43 LIMIT 1   [ RunTime:0.0003s ]
SQL: SELECT DISTINCT  `group` FROM `ot_menu` WHERE `group` <> '' AND `pid` = 43  [ RunTime:0.0003s ]
SQL: SELECT `id`,`url` FROM `ot_menu` WHERE `pid` = 43 AND `hide` = 0  [ RunTime:0.0002s ]
SQL: SELECT `id`,`pid`,`title`,`url`,`tip` FROM `ot_menu` WHERE `group` = '扩展' AND `pid` = 43 AND `hide` = 0 ORDER BY sort asc  [ RunTime:0.0003s ]
SQL: SELECT `id`,`name`,`title`,`description`,`status`,`config`,`author`,`version`,`create_time`,`has_adminlist` FROM `ot_addons` WHERE `name` IN ('Attachment','DevTeam','Editor','EditorForAdmin','SiteStat','SocialComment','SystemInfo')  [ RunTime:0.0003s ]
INFO: [ view_parse ] --START--
INFO: [ template_filter ] --START--
INFO: Run Behavior\ContentReplaceBehavior [ RunTime:0.000152s ]
INFO: [ template_filter ] --END-- [ RunTime:0.000217s ]
SQL: SHOW COLUMNS FROM `ot_addons` [ RunTime:0.0010s ]
SQL: SELECT `config` FROM `ot_addons` WHERE `name` = 'Attachment' AND `status` = 1 LIMIT 1   [ RunTime:0.0003s ]
SQL: SELECT `config` FROM `ot_addons` WHERE `name` = 'SocialComment' AND `status` = 1 LIMIT 1   [ RunTime:0.0003s ]
SQL: SELECT `config` FROM `ot_addons` WHERE `name` = 'Editor' AND `status` = 1 LIMIT 1   [ RunTime:0.0003s ]
SQL: SELECT `config` FROM `ot_addons` WHERE `name` = 'SystemInfo' AND `status` = 1 LIMIT 1   [ RunTime:0.0004s ]
SQL: SELECT `config` FROM `ot_addons` WHERE `name` = 'SiteStat' AND `status` = 1 LIMIT 1   [ RunTime:0.0001s ]
SQL: SELECT `config` FROM `ot_addons` WHERE `name` = 'DevTeam' AND `status` = 1 LIMIT 1   [ RunTime:0.0001s ]
SQL: SELECT `config` FROM `ot_addons` WHERE `name` = 'EditorForAdmin' AND `status` = 1 LIMIT 1   [ RunTime:0.0003s ]
INFO: Run Behavior\ParseTemplateBehavior [ RunTime:0.057629s ]
INFO: [ view_parse ] --END-- [ RunTime:0.057682s ]
INFO: [ view_filter ] --START--
INFO: Run Behavior\WriteHtmlCacheBehavior [ RunTime:0.000044s ]
INFO: [ view_filter ] --END-- [ RunTime:0.000086s ]
INFO: [ app_end ] --START--
INFO: Run Behavior\ShowPageTraceBehavior [ RunTime:0.000042s ]
INFO: [ app_end ] --END-- [ RunTime:0.000087s ]

[ 2015-06-22T21:22:34+08:00 ] 127.0.0.1 /onethink/admin.php?s=/Config/group.html
INFO: [ app_init ] --START--
INFO: Run Behavior\BuildLiteBehavior [ RunTime:0.000018s ]
INFO: Run Common\Behavior\InitHookBehavior [ RunTime:0.000306s ]
INFO: [ app_init ] --END-- [ RunTime:0.000471s ]
INFO: [ app_begin ] --START--
INFO: Run Behavior\ReadHtmlCacheBehavior [ RunTime:0.000045s ]
INFO: [ app_begin ] --END-- [ RunTime:0.000099s ]
SQL: SHOW COLUMNS FROM `ot_menu` [ RunTime:0.0010s ]
SQL: SELECT `id`,`title`,`url` FROM `ot_menu` WHERE `pid` = 0 AND `hide` = 0 ORDER BY sort asc  [ RunTime:0.0001s ]
SQL: SELECT `pid` FROM `ot_menu` WHERE ( pid !=0 AND url like '%Config/group%' ) LIMIT 1   [ RunTime:0.0001s ]
SQL: SELECT * FROM `ot_menu` WHERE `id` = 68 LIMIT 1   [ RunTime:0.0001s ]
SQL: SELECT DISTINCT  `group` FROM `ot_menu` WHERE `group` <> '' AND `pid` = 68  [ RunTime:0.0001s ]
SQL: SELECT `id`,`url` FROM `ot_menu` WHERE `pid` = 68 AND `hide` = 0  [ RunTime:0.0001s ]
SQL: SELECT `id`,`pid`,`title`,`url`,`tip` FROM `ot_menu` WHERE `group` = '系统设置' AND `pid` = 68 AND `hide` = 0 ORDER BY sort asc  [ RunTime:0.0001s ]
SQL: SELECT `id`,`pid`,`title`,`url`,`tip` FROM `ot_menu` WHERE `group` = '数据备份' AND `pid` = 68 AND `hide` = 0 ORDER BY sort asc  [ RunTime:0.0001s ]
SQL: SHOW COLUMNS FROM `ot_config` [ RunTime:0.0010s ]
SQL: SELECT `id`,`name`,`title`,`extra`,`value`,`remark`,`type` FROM `ot_config` WHERE `status` = 1 AND `group` = 1 ORDER BY sort  [ RunTime:0.0001s ]
INFO: [ view_parse ] --START--
INFO: [ template_filter ] --START--
INFO: Run Behavior\ContentReplaceBehavior [ RunTime:0.000173s ]
INFO: [ template_filter ] --END-- [ RunTime:0.000246s ]
INFO: Run Behavior\ParseTemplateBehavior [ RunTime:0.019276s ]
INFO: [ view_parse ] --END-- [ RunTime:0.019364s ]
INFO: [ view_filter ] --START--
INFO: Run Behavior\WriteHtmlCacheBehavior [ RunTime:0.000079s ]
INFO: [ view_filter ] --END-- [ RunTime:0.000132s ]
INFO: [ app_end ] --START--
INFO: Run Behavior\ShowPageTraceBehavior [ RunTime:0.000046s ]
INFO: [ app_end ] --END-- [ RunTime:0.000091s ]

[ 2015-06-22T21:22:35+08:00 ] 127.0.0.1 /onethink/admin.php?s=/User/index.html
INFO: [ app_init ] --START--
INFO: Run Behavior\BuildLiteBehavior [ RunTime:0.000019s ]
INFO: Run Common\Behavior\InitHookBehavior [ RunTime:0.000314s ]
INFO: [ app_init ] --END-- [ RunTime:0.000472s ]
INFO: [ app_begin ] --START--
INFO: Run Behavior\ReadHtmlCacheBehavior [ RunTime:0.000050s ]
INFO: [ app_begin ] --END-- [ RunTime:0.000163s ]
SQL: SHOW COLUMNS FROM `ot_menu` [ RunTime:0.0014s ]
SQL: SELECT `id`,`title`,`url` FROM `ot_menu` WHERE `pid` = 0 AND `hide` = 0 ORDER BY sort asc  [ RunTime:0.0002s ]
SQL: SELECT `pid` FROM `ot_menu` WHERE ( pid !=0 AND url like '%User/index%' ) LIMIT 1   [ RunTime:0.0001s ]
SQL: SELECT * FROM `ot_menu` WHERE `id` = 16 LIMIT 1   [ RunTime:0.0001s ]
SQL: SELECT DISTINCT  `group` FROM `ot_menu` WHERE `group` <> '' AND `pid` = 16  [ RunTime:0.0002s ]
SQL: SELECT `id`,`url` FROM `ot_menu` WHERE `pid` = 16 AND `hide` = 0  [ RunTime:0.0002s ]
SQL: SELECT `id`,`pid`,`title`,`url`,`tip` FROM `ot_menu` WHERE `group` = '用户管理' AND `pid` = 16 AND `hide` = 0 ORDER BY sort asc  [ RunTime:0.0002s ]
SQL: SELECT `id`,`pid`,`title`,`url`,`tip` FROM `ot_menu` WHERE `group` = '行为管理' AND `pid` = 16 AND `hide` = 0 ORDER BY sort asc  [ RunTime:0.0002s ]
SQL: SHOW COLUMNS FROM `ot_member` [ RunTime:0.0011s ]
SQL: SELECT COUNT(*) AS tp_count FROM `ot_member` WHERE `status` >= 0 AND `nickname` LIKE '%%' LIMIT 1   [ RunTime:0.0002s ]
SQL: SELECT `uid`,`nickname`,`sex`,`birthday`,`qq`,`score`,`login`,`reg_ip`,`reg_time`,`last_login_ip`,`last_login_time`,`status` FROM `ot_member` WHERE `status` >= 0 AND `nickname` LIKE '%%' ORDER BY uid desc LIMIT 0,10   [ RunTime:0.0002s ]
INFO: [ view_parse ] --START--
INFO: [ template_filter ] --START--
INFO: Run Behavior\ContentReplaceBehavior [ RunTime:0.000157s ]
INFO: [ template_filter ] --END-- [ RunTime:0.000225s ]
INFO: Run Behavior\ParseTemplateBehavior [ RunTime:0.017552s ]
INFO: [ view_parse ] --END-- [ RunTime:0.017630s ]
INFO: [ view_filter ] --START--
INFO: Run Behavior\WriteHtmlCacheBehavior [ RunTime:0.000053s ]
INFO: [ view_filter ] --END-- [ RunTime:0.000094s ]
INFO: [ app_end ] --START--
INFO: Run Behavior\ShowPageTraceBehavior [ RunTime:0.000045s ]
INFO: [ app_end ] --END-- [ RunTime:0.000090s ]

[ 2015-06-22T21:22:35+08:00 ] 127.0.0.1 /onethink/admin.php?s=/Article/index.html
INFO: [ app_init ] --START--
INFO: Run Behavior\BuildLiteBehavior [ RunTime:0.000024s ]
INFO: Run Common\Behavior\InitHookBehavior [ RunTime:0.000421s ]
INFO: [ app_init ] --END-- [ RunTime:0.000644s ]
INFO: [ app_begin ] --START--
INFO: Run Behavior\ReadHtmlCacheBehavior [ RunTime:0.000062s ]
INFO: [ app_begin ] --END-- [ RunTime:0.000125s ]
SQL: SHOW COLUMNS FROM `ot_menu` [ RunTime:0.0008s ]
SQL: SELECT `id`,`title`,`url` FROM `ot_menu` WHERE `pid` = 0 AND `hide` = 0 ORDER BY sort asc  [ RunTime:0.0001s ]
SQL: SELECT `pid` FROM `ot_menu` WHERE ( pid !=0 AND url like '%Article/index%' ) LIMIT 1   [ RunTime:0.0000s ]
SQL: SELECT * FROM `ot_menu` WHERE `id` = 2 LIMIT 1   [ RunTime:0.0000s ]
SQL: SELECT DISTINCT  `group` FROM `ot_menu` WHERE `group` <> '' AND `pid` = 2  [ RunTime:0.0000s ]
SQL: SELECT `id`,`url` FROM `ot_menu` WHERE `pid` = 2 AND `hide` = 0  [ RunTime:0.0000s ]
SQL: SELECT `id`,`pid`,`title`,`url`,`tip` FROM `ot_menu` WHERE `group` = '内容' AND `pid` = 2 AND `hide` = 0 ORDER BY sort asc  [ RunTime:0.0000s ]
SQL: SHOW COLUMNS FROM `ot_auth_group_access` [ RunTime:0.0004s ]
SQL: SELECT `extend_id` FROM ot_auth_group_access g INNER JOIN ot_auth_extend c on g.group_id=c.group_id  WHERE ( g.uid='1' and c.type='1' and !isnull(extend_id) )  [ RunTime:0.0001s ]
SQL: SHOW COLUMNS FROM `ot_category` [ RunTime:0.0006s ]
SQL: SELECT `id`,`title`,`pid`,`allow_publish` FROM `ot_category` WHERE `status` = 1 ORDER BY pid,sort  [ RunTime:0.0001s ]
SQL: SHOW COLUMNS FROM `ot_model` [ RunTime:0.0009s ]
SQL: SELECT * FROM `ot_model` WHERE `name` = 'document' LIMIT 1   [ RunTime:0.0002s ]
SQL: SHOW COLUMNS FROM `ot_document` [ RunTime:0.0009s ]
SQL: SELECT COUNT(*) AS tp_count FROM ot_document DOCUMENT WHERE `status` IN ('0','1','2') AND `pid` = 0 LIMIT 1   [ RunTime:0.0002s ]
SQL: SELECT `id`,`title`,`type`,`update_time`,`status`,`view`,`category_id`,`model_id`,`pid` FROM ot_document DOCUMENT WHERE `status` IN ('0','1','2') AND `pid` = 0 ORDER BY level DESC,DOCUMENT.id DESC LIMIT 0,10   [ RunTime:0.0001s ]
SQL: SELECT `extend` FROM `ot_model` WHERE `id` = 1 LIMIT 1   [ RunTime:0.0001s ]
SQL: SHOW COLUMNS FROM `ot_attribute` [ RunTime:0.0009s ]
SQL: SELECT `id`,`name`,`type`,`extra` FROM `ot_attribute` WHERE `model_id` = 1  [ RunTime:0.0001s ]
NOTIC: [8] Undefined variable: groups /var/www/onethink/Application/Admin/Controller/ArticleController.class.php 第 231 行.
INFO: [ view_parse ] --START--
INFO: [ template_filter ] --START--
INFO: Run Behavior\ContentReplaceBehavior [ RunTime:0.000196s ]
INFO: [ template_filter ] --END-- [ RunTime:0.000241s ]
INFO: Run Behavior\ParseTemplateBehavior [ RunTime:0.026400s ]
INFO: [ view_parse ] --END-- [ RunTime:0.026459s ]
INFO: [ view_filter ] --START--
INFO: Run Behavior\WriteHtmlCacheBehavior [ RunTime:0.000045s ]
INFO: [ view_filter ] --END-- [ RunTime:0.000071s ]
INFO: [ app_end ] --START--
INFO: Run Behavior\ShowPageTraceBehavior [ RunTime:0.000029s ]
INFO: [ app_end ] --END-- [ RunTime:0.000057s ]

[ 2015-06-22T21:22:37+08:00 ] 127.0.0.1 /onethink/admin.php?s=/Article/index/cate_id/2.html
INFO: [ app_init ] --START--
INFO: Run Behavior\BuildLiteBehavior [ RunTime:0.000019s ]
INFO: Run Common\Behavior\InitHookBehavior [ RunTime:0.000450s ]
INFO: [ app_init ] --END-- [ RunTime:0.000629s ]
INFO: [ app_begin ] --START--
INFO: Run Behavior\ReadHtmlCacheBehavior [ RunTime:0.000049s ]
INFO: [ app_begin ] --END-- [ RunTime:0.000099s ]
SQL: SHOW COLUMNS FROM `ot_menu` [ RunTime:0.0008s ]
SQL: SELECT `id`,`title`,`url` FROM `ot_menu` WHERE `pid` = 0 AND `hide` = 0 ORDER BY sort asc  [ RunTime:0.0001s ]
SQL: SELECT `pid` FROM `ot_menu` WHERE ( pid !=0 AND url like '%Article/index%' ) LIMIT 1   [ RunTime:0.0001s ]
SQL: SELECT * FROM `ot_menu` WHERE `id` = 2 LIMIT 1   [ RunTime:0.0001s ]
SQL: SELECT DISTINCT  `group` FROM `ot_menu` WHERE `group` <> '' AND `pid` = 2  [ RunTime:0.0001s ]
SQL: SELECT `id`,`url` FROM `ot_menu` WHERE `pid` = 2 AND `hide` = 0  [ RunTime:0.0001s ]
SQL: SELECT `id`,`pid`,`title`,`url`,`tip` FROM `ot_menu` WHERE `group` = '内容' AND `pid` = 2 AND `hide` = 0 ORDER BY sort asc  [ RunTime:0.0001s ]
SQL: SHOW COLUMNS FROM `ot_auth_group_access` [ RunTime:0.0008s ]
SQL: SELECT `extend_id` FROM ot_auth_group_access g INNER JOIN ot_auth_extend c on g.group_id=c.group_id  WHERE ( g.uid='1' and c.type='1' and !isnull(extend_id) )  [ RunTime:0.0001s ]
SQL: SHOW COLUMNS FROM `ot_category` [ RunTime:0.0014s ]
SQL: SELECT `id`,`title`,`pid`,`allow_publish` FROM `ot_category` WHERE `status` = 1 ORDER BY pid,sort  [ RunTime:0.0002s ]
SQL: SELECT `id`,`title`,`pid` FROM `ot_category` WHERE `status` = 1 ORDER BY sort  [ RunTime:0.0004s ]
SQL: SHOW COLUMNS FROM `ot_model` [ RunTime:0.0010s ]
SQL: SELECT * FROM `ot_model` WHERE `name` = 'document' LIMIT 1   [ RunTime:0.0002s ]
SQL: SHOW COLUMNS FROM `ot_document` [ RunTime:0.0012s ]
SQL: SELECT COUNT(*) AS tp_count FROM ot_document DOCUMENT WHERE `status` IN ('0','1','2') AND `category_id` = 2 AND `pid` = 0 LIMIT 1   [ RunTime:0.0003s ]
SQL: SELECT `id`,`title`,`type`,`update_time`,`status`,`view`,`category_id`,`model_id`,`pid` FROM ot_document DOCUMENT WHERE `status` IN ('0','1','2') AND `category_id` = 2 AND `pid` = 0 ORDER BY level DESC,DOCUMENT.id DESC LIMIT 0,10   [ RunTime:0.0003s ]
SQL: SELECT `extend` FROM `ot_model` WHERE `id` = 1 LIMIT 1   [ RunTime:0.0001s ]
SQL: SHOW COLUMNS FROM `ot_attribute` [ RunTime:0.0009s ]
SQL: SELECT `id`,`name`,`type`,`extra` FROM `ot_attribute` WHERE `model_id` = 1  [ RunTime:0.0001s ]
INFO: [ view_parse ] --START--
INFO: [ template_filter ] --START--
INFO: Run Behavior\ContentReplaceBehavior [ RunTime:0.000217s ]
INFO: [ template_filter ] --END-- [ RunTime:0.000268s ]
INFO: Run Behavior\ParseTemplateBehavior [ RunTime:0.068994s ]
INFO: [ view_parse ] --END-- [ RunTime:0.069046s ]
INFO: [ view_filter ] --START--
INFO: Run Behavior\WriteHtmlCacheBehavior [ RunTime:0.000059s ]
INFO: [ view_filter ] --END-- [ RunTime:0.000085s ]
INFO: [ app_end ] --START--
INFO: Run Behavior\ShowPageTraceBehavior [ RunTime:0.000037s ]
INFO: [ app_end ] --END-- [ RunTime:0.000067s ]

[ 2015-06-22T21:22:39+08:00 ] 127.0.0.1 /onethink/admin.php?s=/Article/index/cate_id/42.html
INFO: [ app_init ] --START--
INFO: Run Behavior\BuildLiteBehavior [ RunTime:0.000018s ]
INFO: Run Common\Behavior\InitHookBehavior [ RunTime:0.000383s ]
INFO: [ app_init ] --END-- [ RunTime:0.000535s ]
INFO: [ app_begin ] --START--
INFO: Run Behavior\ReadHtmlCacheBehavior [ RunTime:0.000044s ]
INFO: [ app_begin ] --END-- [ RunTime:0.000096s ]
SQL: SHOW COLUMNS FROM `ot_menu` [ RunTime:0.0010s ]
SQL: SELECT `id`,`title`,`url` FROM `ot_menu` WHERE `pid` = 0 AND `hide` = 0 ORDER BY sort asc  [ RunTime:0.0002s ]
SQL: SELECT `pid` FROM `ot_menu` WHERE ( pid !=0 AND url like '%Article/index%' ) LIMIT 1   [ RunTime:0.0001s ]
SQL: SELECT * FROM `ot_menu` WHERE `id` = 2 LIMIT 1   [ RunTime:0.0001s ]
SQL: SELECT DISTINCT  `group` FROM `ot_menu` WHERE `group` <> '' AND `pid` = 2  [ RunTime:0.0001s ]
SQL: SELECT `id`,`url` FROM `ot_menu` WHERE `pid` = 2 AND `hide` = 0  [ RunTime:0.0001s ]
SQL: SELECT `id`,`pid`,`title`,`url`,`tip` FROM `ot_menu` WHERE `group` = '内容' AND `pid` = 2 AND `hide` = 0 ORDER BY sort asc  [ RunTime:0.0001s ]
SQL: SHOW COLUMNS FROM `ot_auth_group_access` [ RunTime:0.0008s ]
SQL: SELECT `extend_id` FROM ot_auth_group_access g INNER JOIN ot_auth_extend c on g.group_id=c.group_id  WHERE ( g.uid='1' and c.type='1' and !isnull(extend_id) )  [ RunTime:0.0001s ]
SQL: SHOW COLUMNS FROM `ot_category` [ RunTime:0.0013s ]
SQL: SELECT `id`,`title`,`pid`,`allow_publish` FROM `ot_category` WHERE `status` = 1 ORDER BY pid,sort  [ RunTime:0.0001s ]
SQL: SELECT `id`,`title`,`pid` FROM `ot_category` WHERE `status` = 1 ORDER BY sort  [ RunTime:0.0001s ]
SQL: SHOW COLUMNS FROM `ot_model` [ RunTime:0.0010s ]
SQL: SELECT * FROM `ot_model` WHERE `name` = 'document' LIMIT 1   [ RunTime:0.0001s ]
SQL: SHOW COLUMNS FROM `ot_document` [ RunTime:0.0013s ]
SQL: SELECT COUNT(*) AS tp_count FROM ot_document DOCUMENT WHERE `status` IN ('0','1','2') AND `category_id` = 42 AND `pid` = 0 LIMIT 1   [ RunTime:0.0004s ]
SQL: SELECT `id`,`title`,`type`,`update_time`,`status`,`view`,`category_id`,`model_id`,`pid` FROM ot_document DOCUMENT WHERE `status` IN ('0','1','2') AND `category_id` = 42 AND `pid` = 0 ORDER BY level DESC,DOCUMENT.id DESC LIMIT 0,10   [ RunTime:0.0003s ]
SQL: SELECT `extend` FROM `ot_model` WHERE `id` = 1 LIMIT 1   [ RunTime:0.0001s ]
SQL: SHOW COLUMNS FROM `ot_attribute` [ RunTime:0.0009s ]
SQL: SELECT `id`,`name`,`type`,`extra` FROM `ot_attribute` WHERE `model_id` = 1  [ RunTime:0.0001s ]
INFO: [ view_parse ] --START--
INFO: [ template_filter ] --START--
INFO: Run Behavior\ContentReplaceBehavior [ RunTime:0.000260s ]
INFO: [ template_filter ] --END-- [ RunTime:0.000319s ]
INFO: Run Behavior\ParseTemplateBehavior [ RunTime:0.037088s ]
INFO: [ view_parse ] --END-- [ RunTime:0.037144s ]
INFO: [ view_filter ] --START--
INFO: Run Behavior\WriteHtmlCacheBehavior [ RunTime:0.000043s ]
INFO: [ view_filter ] --END-- [ RunTime:0.000075s ]
INFO: [ app_end ] --START--
INFO: Run Behavior\ShowPageTraceBehavior [ RunTime:0.000037s ]
INFO: [ app_end ] --END-- [ RunTime:0.000072s ]

[ 2015-06-22T21:22:40+08:00 ] 127.0.0.1 /onethink/admin.php?s=/Article/index/cate_id/41.html
INFO: [ app_init ] --START--
INFO: Run Behavior\BuildLiteBehavior [ RunTime:0.000020s ]
INFO: Run Common\Behavior\InitHookBehavior [ RunTime:0.000356s ]
INFO: [ app_init ] --END-- [ RunTime:0.000532s ]
INFO: [ app_begin ] --START--
INFO: Run Behavior\ReadHtmlCacheBehavior [ RunTime:0.000060s ]
INFO: [ app_begin ] --END-- [ RunTime:0.000120s ]
SQL: SHOW COLUMNS FROM `ot_menu` [ RunTime:0.0010s ]
SQL: SELECT `id`,`title`,`url` FROM `ot_menu` WHERE `pid` = 0 AND `hide` = 0 ORDER BY sort asc  [ RunTime:0.0001s ]
SQL: SELECT `pid` FROM `ot_menu` WHERE ( pid !=0 AND url like '%Article/index%' ) LIMIT 1   [ RunTime:0.0001s ]
SQL: SELECT * FROM `ot_menu` WHERE `id` = 2 LIMIT 1   [ RunTime:0.0001s ]
SQL: SELECT DISTINCT  `group` FROM `ot_menu` WHERE `group` <> '' AND `pid` = 2  [ RunTime:0.0001s ]
SQL: SELECT `id`,`url` FROM `ot_menu` WHERE `pid` = 2 AND `hide` = 0  [ RunTime:0.0001s ]
SQL: SELECT `id`,`pid`,`title`,`url`,`tip` FROM `ot_menu` WHERE `group` = '内容' AND `pid` = 2 AND `hide` = 0 ORDER BY sort asc  [ RunTime:0.0001s ]
SQL: SHOW COLUMNS FROM `ot_auth_group_access` [ RunTime:0.0014s ]
SQL: SELECT `extend_id` FROM ot_auth_group_access g INNER JOIN ot_auth_extend c on g.group_id=c.group_id  WHERE ( g.uid='1' and c.type='1' and !isnull(extend_id) )  [ RunTime:0.0001s ]
SQL: SHOW COLUMNS FROM `ot_category` [ RunTime:0.0013s ]
SQL: SELECT `id`,`title`,`pid`,`allow_publish` FROM `ot_category` WHERE `status` = 1 ORDER BY pid,sort  [ RunTime:0.0001s ]
SQL: SELECT `id`,`title`,`pid` FROM `ot_category` WHERE `status` = 1 ORDER BY sort  [ RunTime:0.0001s ]
SQL: SHOW COLUMNS FROM `ot_model` [ RunTime:0.0019s ]
SQL: SELECT * FROM `ot_model` WHERE `name` = 'document' LIMIT 1   [ RunTime:0.0002s ]
SQL: SHOW COLUMNS FROM `ot_document` [ RunTime:0.0014s ]
SQL: SELECT COUNT(*) AS tp_count FROM ot_document DOCUMENT WHERE `status` IN ('0','1','2') AND `category_id` = 41 AND `pid` = 0 LIMIT 1   [ RunTime:0.0005s ]
SQL: SELECT `id`,`title`,`type`,`update_time`,`status`,`view`,`category_id`,`model_id`,`pid` FROM ot_document DOCUMENT WHERE `status` IN ('0','1','2') AND `category_id` = 41 AND `pid` = 0 ORDER BY level DESC,DOCUMENT.id DESC LIMIT 0,10   [ RunTime:0.0004s ]
SQL: SELECT `extend` FROM `ot_model` WHERE `id` = 1 LIMIT 1   [ RunTime:0.0001s ]
SQL: SHOW COLUMNS FROM `ot_attribute` [ RunTime:0.0013s ]
SQL: SELECT `id`,`name`,`type`,`extra` FROM `ot_attribute` WHERE `model_id` = 1  [ RunTime:0.0002s ]
INFO: [ view_parse ] --START--
INFO: [ template_filter ] --START--
INFO: Run Behavior\ContentReplaceBehavior [ RunTime:0.000295s ]
INFO: [ template_filter ] --END-- [ RunTime:0.000360s ]
INFO: Run Behavior\ParseTemplateBehavior [ RunTime:0.044390s ]
INFO: [ view_parse ] --END-- [ RunTime:0.044461s ]
INFO: [ view_filter ] --START--
INFO: Run Behavior\WriteHtmlCacheBehavior [ RunTime:0.000059s ]
INFO: [ view_filter ] --END-- [ RunTime:0.000098s ]
INFO: [ app_end ] --START--
INFO: Run Behavior\ShowPageTraceBehavior [ RunTime:0.000053s ]
INFO: [ app_end ] --END-- [ RunTime:0.000096s ]

[ 2015-06-22T21:22:40+08:00 ] 127.0.0.1 /onethink/admin.php?s=/Article/index/cate_id/42.html
INFO: [ app_init ] --START--
INFO: Run Behavior\BuildLiteBehavior [ RunTime:0.000028s ]
INFO: Run Common\Behavior\InitHookBehavior [ RunTime:0.000489s ]
INFO: [ app_init ] --END-- [ RunTime:0.000728s ]
INFO: [ app_begin ] --START--
INFO: Run Behavior\ReadHtmlCacheBehavior [ RunTime:0.000058s ]
INFO: [ app_begin ] --END-- [ RunTime:0.000128s ]
SQL: SHOW COLUMNS FROM `ot_menu` [ RunTime:0.0007s ]
SQL: SELECT `id`,`title`,`url` FROM `ot_menu` WHERE `pid` = 0 AND `hide` = 0 ORDER BY sort asc  [ RunTime:0.0001s ]
SQL: SELECT `pid` FROM `ot_menu` WHERE ( pid !=0 AND url like '%Article/index%' ) LIMIT 1   [ RunTime:0.0001s ]
SQL: SELECT * FROM `ot_menu` WHERE `id` = 2 LIMIT 1   [ RunTime:0.0001s ]
SQL: SELECT DISTINCT  `group` FROM `ot_menu` WHERE `group` <> '' AND `pid` = 2  [ RunTime:0.0001s ]
SQL: SELECT `id`,`url` FROM `ot_menu` WHERE `pid` = 2 AND `hide` = 0  [ RunTime:0.0001s ]
SQL: SELECT `id`,`pid`,`title`,`url`,`tip` FROM `ot_menu` WHERE `group` = '内容' AND `pid` = 2 AND `hide` = 0 ORDER BY sort asc  [ RunTime:0.0001s ]
SQL: SHOW COLUMNS FROM `ot_auth_group_access` [ RunTime:0.0006s ]
SQL: SELECT `extend_id` FROM ot_auth_group_access g INNER JOIN ot_auth_extend c on g.group_id=c.group_id  WHERE ( g.uid='1' and c.type='1' and !isnull(extend_id) )  [ RunTime:0.0001s ]
SQL: SHOW COLUMNS FROM `ot_category` [ RunTime:0.0010s ]
SQL: SELECT `id`,`title`,`pid`,`allow_publish` FROM `ot_category` WHERE `status` = 1 ORDER BY pid,sort  [ RunTime:0.0001s ]
SQL: SELECT `id`,`title`,`pid` FROM `ot_category` WHERE `status` = 1 ORDER BY sort  [ RunTime:0.0001s ]
SQL: SHOW COLUMNS FROM `ot_model` [ RunTime:0.0010s ]
SQL: SELECT * FROM `ot_model` WHERE `name` = 'document' LIMIT 1   [ RunTime:0.0002s ]
SQL: SHOW COLUMNS FROM `ot_document` [ RunTime:0.0013s ]
SQL: SELECT COUNT(*) AS tp_count FROM ot_document DOCUMENT WHERE `status` IN ('0','1','2') AND `category_id` = 42 AND `pid` = 0 LIMIT 1   [ RunTime:0.0002s ]
SQL: SELECT `id`,`title`,`type`,`update_time`,`status`,`view`,`category_id`,`model_id`,`pid` FROM ot_document DOCUMENT WHERE `status` IN ('0','1','2') AND `category_id` = 42 AND `pid` = 0 ORDER BY level DESC,DOCUMENT.id DESC LIMIT 0,10   [ RunTime:0.0001s ]
SQL: SELECT `extend` FROM `ot_model` WHERE `id` = 1 LIMIT 1   [ RunTime:0.0001s ]
SQL: SHOW COLUMNS FROM `ot_attribute` [ RunTime:0.0009s ]
SQL: SELECT `id`,`name`,`type`,`extra` FROM `ot_attribute` WHERE `model_id` = 1  [ RunTime:0.0001s ]
INFO: [ view_parse ] --START--
INFO: [ template_filter ] --START--
INFO: Run Behavior\ContentReplaceBehavior [ RunTime:0.000244s ]
INFO: [ template_filter ] --END-- [ RunTime:0.000299s ]
INFO: Run Behavior\ParseTemplateBehavior [ RunTime:0.033705s ]
INFO: [ view_parse ] --END-- [ RunTime:0.033760s ]
INFO: [ view_filter ] --START--
INFO: Run Behavior\WriteHtmlCacheBehavior [ RunTime:0.000046s ]
INFO: [ view_filter ] --END-- [ RunTime:0.000078s ]
INFO: [ app_end ] --START--
INFO: Run Behavior\ShowPageTraceBehavior [ RunTime:0.000038s ]
INFO: [ app_end ] --END-- [ RunTime:0.000072s ]

[ 2015-06-22T21:22:41+08:00 ] 127.0.0.1 /onethink/admin.php?s=/Article/index/cate_id/41.html
INFO: [ app_init ] --START--
INFO: Run Behavior\BuildLiteBehavior [ RunTime:0.000017s ]
INFO: Run Common\Behavior\InitHookBehavior [ RunTime:0.000295s ]
INFO: [ app_init ] --END-- [ RunTime:0.000447s ]
INFO: [ app_begin ] --START--
INFO: Run Behavior\ReadHtmlCacheBehavior [ RunTime:0.000046s ]
INFO: [ app_begin ] --END-- [ RunTime:0.000098s ]
SQL: SHOW COLUMNS FROM `ot_menu` [ RunTime:0.0010s ]
SQL: SELECT `id`,`title`,`url` FROM `ot_menu` WHERE `pid` = 0 AND `hide` = 0 ORDER BY sort asc  [ RunTime:0.0001s ]
SQL: SELECT `pid` FROM `ot_menu` WHERE ( pid !=0 AND url like '%Article/index%' ) LIMIT 1   [ RunTime:0.0001s ]
SQL: SELECT * FROM `ot_menu` WHERE `id` = 2 LIMIT 1   [ RunTime:0.0001s ]
SQL: SELECT DISTINCT  `group` FROM `ot_menu` WHERE `group` <> '' AND `pid` = 2  [ RunTime:0.0001s ]
SQL: SELECT `id`,`url` FROM `ot_menu` WHERE `pid` = 2 AND `hide` = 0  [ RunTime:0.0001s ]
SQL: SELECT `id`,`pid`,`title`,`url`,`tip` FROM `ot_menu` WHERE `group` = '内容' AND `pid` = 2 AND `hide` = 0 ORDER BY sort asc  [ RunTime:0.0001s ]
SQL: SHOW COLUMNS FROM `ot_auth_group_access` [ RunTime:0.0007s ]
SQL: SELECT `extend_id` FROM ot_auth_group_access g INNER JOIN ot_auth_extend c on g.group_id=c.group_id  WHERE ( g.uid='1' and c.type='1' and !isnull(extend_id) )  [ RunTime:0.0001s ]
SQL: SHOW COLUMNS FROM `ot_category` [ RunTime:0.0015s ]
SQL: SELECT `id`,`title`,`pid`,`allow_publish` FROM `ot_category` WHERE `status` = 1 ORDER BY pid,sort  [ RunTime:0.0002s ]
SQL: SELECT `id`,`title`,`pid` FROM `ot_category` WHERE `status` = 1 ORDER BY sort  [ RunTime:0.0001s ]
SQL: SHOW COLUMNS FROM `ot_model` [ RunTime:0.0013s ]
SQL: SELECT * FROM `ot_model` WHERE `name` = 'document' LIMIT 1   [ RunTime:0.0002s ]
SQL: SHOW COLUMNS FROM `ot_document` [ RunTime:0.0012s ]
SQL: SELECT COUNT(*) AS tp_count FROM ot_document DOCUMENT WHERE `status` IN ('0','1','2') AND `category_id` = 41 AND `pid` = 0 LIMIT 1   [ RunTime:0.0002s ]
SQL: SELECT `id`,`title`,`type`,`update_time`,`status`,`view`,`category_id`,`model_id`,`pid` FROM ot_document DOCUMENT WHERE `status` IN ('0','1','2') AND `category_id` = 41 AND `pid` = 0 ORDER BY level DESC,DOCUMENT.id DESC LIMIT 0,10   [ RunTime:0.0002s ]
SQL: SELECT `extend` FROM `ot_model` WHERE `id` = 1 LIMIT 1   [ RunTime:0.0002s ]
SQL: SHOW COLUMNS FROM `ot_attribute` [ RunTime:0.0011s ]
SQL: SELECT `id`,`name`,`type`,`extra` FROM `ot_attribute` WHERE `model_id` = 1  [ RunTime:0.0002s ]
INFO: [ view_parse ] --START--
INFO: [ template_filter ] --START--
INFO: Run Behavior\ContentReplaceBehavior [ RunTime:0.000306s ]
INFO: [ template_filter ] --END-- [ RunTime:0.000388s ]
INFO: Run Behavior\ParseTemplateBehavior [ RunTime:0.042495s ]
INFO: [ view_parse ] --END-- [ RunTime:0.042562s ]
INFO: [ view_filter ] --START--
INFO: Run Behavior\WriteHtmlCacheBehavior [ RunTime:0.000047s ]
INFO: [ view_filter ] --END-- [ RunTime:0.000083s ]
INFO: [ app_end ] --START--
INFO: Run Behavior\ShowPageTraceBehavior [ RunTime:0.000041s ]
INFO: [ app_end ] --END-- [ RunTime:0.000080s ]

[ 2015-06-22T21:22:42+08:00 ] 127.0.0.1 /onethink/admin.php?s=/Article/index/cate_id/42.html
INFO: [ app_init ] --START--
INFO: Run Behavior\BuildLiteBehavior [ RunTime:0.000014s ]
INFO: Run Common\Behavior\InitHookBehavior [ RunTime:0.000241s ]
INFO: [ app_init ] --END-- [ RunTime:0.000365s ]
INFO: [ app_begin ] --START--
INFO: Run Behavior\ReadHtmlCacheBehavior [ RunTime:0.000039s ]
INFO: [ app_begin ] --END-- [ RunTime:0.000083s ]
SQL: SHOW COLUMNS FROM `ot_menu` [ RunTime:0.0007s ]
SQL: SELECT `id`,`title`,`url` FROM `ot_menu` WHERE `pid` = 0 AND `hide` = 0 ORDER BY sort asc  [ RunTime:0.0001s ]
SQL: SELECT `pid` FROM `ot_menu` WHERE ( pid !=0 AND url like '%Article/index%' ) LIMIT 1   [ RunTime:0.0001s ]
SQL: SELECT * FROM `ot_menu` WHERE `id` = 2 LIMIT 1   [ RunTime:0.0001s ]
SQL: SELECT DISTINCT  `group` FROM `ot_menu` WHERE `group` <> '' AND `pid` = 2  [ RunTime:0.0000s ]
SQL: SELECT `id`,`url` FROM `ot_menu` WHERE `pid` = 2 AND `hide` = 0  [ RunTime:0.0000s ]
SQL: SELECT `id`,`pid`,`title`,`url`,`tip` FROM `ot_menu` WHERE `group` = '内容' AND `pid` = 2 AND `hide` = 0 ORDER BY sort asc  [ RunTime:0.0000s ]
SQL: SHOW COLUMNS FROM `ot_auth_group_access` [ RunTime:0.0004s ]
SQL: SELECT `extend_id` FROM ot_auth_group_access g INNER JOIN ot_auth_extend c on g.group_id=c.group_id  WHERE ( g.uid='1' and c.type='1' and !isnull(extend_id) )  [ RunTime:0.0001s ]
SQL: SHOW COLUMNS FROM `ot_category` [ RunTime:0.0007s ]
SQL: SELECT `id`,`title`,`pid`,`allow_publish` FROM `ot_category` WHERE `status` = 1 ORDER BY pid,sort  [ RunTime:0.0001s ]
SQL: SELECT `id`,`title`,`pid` FROM `ot_category` WHERE `status` = 1 ORDER BY sort  [ RunTime:0.0001s ]
SQL: SHOW COLUMNS FROM `ot_model` [ RunTime:0.0007s ]
SQL: SELECT * FROM `ot_model` WHERE `name` = 'document' LIMIT 1   [ RunTime:0.0001s ]
SQL: SHOW COLUMNS FROM `ot_document` [ RunTime:0.0008s ]
SQL: SELECT COUNT(*) AS tp_count FROM ot_document DOCUMENT WHERE `status` IN ('0','1','2') AND `category_id` = 42 AND `pid` = 0 LIMIT 1   [ RunTime:0.0001s ]
SQL: SELECT `id`,`title`,`type`,`update_time`,`status`,`view`,`category_id`,`model_id`,`pid` FROM ot_document DOCUMENT WHERE `status` IN ('0','1','2') AND `category_id` = 42 AND `pid` = 0 ORDER BY level DESC,DOCUMENT.id DESC LIMIT 0,10   [ RunTime:0.0001s ]
SQL: SELECT `extend` FROM `ot_model` WHERE `id` = 1 LIMIT 1   [ RunTime:0.0001s ]
SQL: SHOW COLUMNS FROM `ot_attribute` [ RunTime:0.0009s ]
SQL: SELECT `id`,`name`,`type`,`extra` FROM `ot_attribute` WHERE `model_id` = 1  [ RunTime:0.0001s ]
INFO: [ view_parse ] --START--
INFO: [ template_filter ] --START--
INFO: Run Behavior\ContentReplaceBehavior [ RunTime:0.000168s ]
INFO: [ template_filter ] --END-- [ RunTime:0.000209s ]
INFO: Run Behavior\ParseTemplateBehavior [ RunTime:0.026452s ]
INFO: [ view_parse ] --END-- [ RunTime:0.026495s ]
INFO: [ view_filter ] --START--
INFO: Run Behavior\WriteHtmlCacheBehavior [ RunTime:0.000033s ]
INFO: [ view_filter ] --END-- [ RunTime:0.000055s ]
INFO: [ app_end ] --START--
INFO: Run Behavior\ShowPageTraceBehavior [ RunTime:0.000026s ]
INFO: [ app_end ] --END-- [ RunTime:0.000051s ]

[ 2015-06-22T21:22:45+08:00 ] 127.0.0.1 /onethink/admin.php?s=/Article/index/cate_id/41.html
INFO: [ app_init ] --START--
INFO: Run Behavior\BuildLiteBehavior [ RunTime:0.000017s ]
INFO: Run Common\Behavior\InitHookBehavior [ RunTime:0.000294s ]
INFO: [ app_init ] --END-- [ RunTime:0.000444s ]
INFO: [ app_begin ] --START--
INFO: Run Behavior\ReadHtmlCacheBehavior [ RunTime:0.000048s ]
INFO: [ app_begin ] --END-- [ RunTime:0.000101s ]
SQL: SHOW COLUMNS FROM `ot_menu` [ RunTime:0.0009s ]
SQL: SELECT `id`,`title`,`url` FROM `ot_menu` WHERE `pid` = 0 AND `hide` = 0 ORDER BY sort asc  [ RunTime:0.0001s ]
SQL: SELECT `pid` FROM `ot_menu` WHERE ( pid !=0 AND url like '%Article/index%' ) LIMIT 1   [ RunTime:0.0001s ]
SQL: SELECT * FROM `ot_menu` WHERE `id` = 2 LIMIT 1   [ RunTime:0.0001s ]
SQL: SELECT DISTINCT  `group` FROM `ot_menu` WHERE `group` <> '' AND `pid` = 2  [ RunTime:0.0001s ]
SQL: SELECT `id`,`url` FROM `ot_menu` WHERE `pid` = 2 AND `hide` = 0  [ RunTime:0.0001s ]
SQL: SELECT `id`,`pid`,`title`,`url`,`tip` FROM `ot_menu` WHERE `group` = '内容' AND `pid` = 2 AND `hide` = 0 ORDER BY sort asc  [ RunTime:0.0001s ]
SQL: SHOW COLUMNS FROM `ot_auth_group_access` [ RunTime:0.0007s ]
SQL: SELECT `extend_id` FROM ot_auth_group_access g INNER JOIN ot_auth_extend c on g.group_id=c.group_id  WHERE ( g.uid='1' and c.type='1' and !isnull(extend_id) )  [ RunTime:0.0001s ]
SQL: SHOW COLUMNS FROM `ot_category` [ RunTime:0.0014s ]
SQL: SELECT `id`,`title`,`pid`,`allow_publish` FROM `ot_category` WHERE `status` = 1 ORDER BY pid,sort  [ RunTime:0.0002s ]
SQL: SELECT `id`,`title`,`pid` FROM `ot_category` WHERE `status` = 1 ORDER BY sort  [ RunTime:0.0001s ]
SQL: SHOW COLUMNS FROM `ot_model` [ RunTime:0.0016s ]
SQL: SELECT * FROM `ot_model` WHERE `name` = 'document' LIMIT 1   [ RunTime:0.0002s ]
SQL: SHOW COLUMNS FROM `ot_document` [ RunTime:0.0025s ]
SQL: SELECT COUNT(*) AS tp_count FROM ot_document DOCUMENT WHERE `status` IN ('0','1','2') AND `category_id` = 41 AND `pid` = 0 LIMIT 1   [ RunTime:0.0002s ]
SQL: SELECT `id`,`title`,`type`,`update_time`,`status`,`view`,`category_id`,`model_id`,`pid` FROM ot_document DOCUMENT WHERE `status` IN ('0','1','2') AND `category_id` = 41 AND `pid` = 0 ORDER BY level DESC,DOCUMENT.id DESC LIMIT 0,10   [ RunTime:0.0002s ]
SQL: SELECT `extend` FROM `ot_model` WHERE `id` = 1 LIMIT 1   [ RunTime:0.0001s ]
SQL: SHOW COLUMNS FROM `ot_attribute` [ RunTime:0.0011s ]
SQL: SELECT `id`,`name`,`type`,`extra` FROM `ot_attribute` WHERE `model_id` = 1  [ RunTime:0.0001s ]
INFO: [ view_parse ] --START--
INFO: [ template_filter ] --START--
INFO: Run Behavior\ContentReplaceBehavior [ RunTime:0.000278s ]
INFO: [ template_filter ] --END-- [ RunTime:0.000339s ]
INFO: Run Behavior\ParseTemplateBehavior [ RunTime:0.039455s ]
INFO: [ view_parse ] --END-- [ RunTime:0.039522s ]
INFO: [ view_filter ] --START--
INFO: Run Behavior\WriteHtmlCacheBehavior [ RunTime:0.000045s ]
INFO: [ view_filter ] --END-- [ RunTime:0.000080s ]
INFO: [ app_end ] --START--
INFO: Run Behavior\ShowPageTraceBehavior [ RunTime:0.000039s ]
INFO: [ app_end ] --END-- [ RunTime:0.000077s ]

[ 2015-06-22T22:12:33+08:00 ] 127.0.0.1 /onethink/admin.php?s=/User/index.html
INFO: [ app_init ] --START--
INFO: Run Behavior\BuildLiteBehavior [ RunTime:0.000021s ]
INFO: Run Common\Behavior\InitHookBehavior [ RunTime:0.000459s ]
INFO: [ app_init ] --END-- [ RunTime:0.000648s ]
INFO: [ app_begin ] --START--
INFO: Run Behavior\ReadHtmlCacheBehavior [ RunTime:0.000069s ]
INFO: [ app_begin ] --END-- [ RunTime:0.000150s ]

[ 2015-06-22T22:12:34+08:00 ] 127.0.0.1 /onethink/admin.php?s=/Public/login.html
INFO: [ app_init ] --START--
INFO: Run Behavior\BuildLiteBehavior [ RunTime:0.000009s ]
INFO: Run Common\Behavior\InitHookBehavior [ RunTime:0.000176s ]
INFO: [ app_init ] --END-- [ RunTime:0.000262s ]
INFO: [ app_begin ] --START--
INFO: Run Behavior\ReadHtmlCacheBehavior [ RunTime:0.000026s ]
INFO: [ app_begin ] --END-- [ RunTime:0.000054s ]
INFO: [ view_parse ] --START--
INFO: [ template_filter ] --START--
INFO: Run Behavior\ContentReplaceBehavior [ RunTime:0.000063s ]
INFO: [ template_filter ] --END-- [ RunTime:0.000124s ]
INFO: Run Behavior\ParseTemplateBehavior [ RunTime:0.002464s ]
INFO: [ view_parse ] --END-- [ RunTime:0.002513s ]
INFO: [ view_filter ] --START--
INFO: Run Behavior\WriteHtmlCacheBehavior [ RunTime:0.000064s ]
INFO: [ view_filter ] --END-- [ RunTime:0.000090s ]
INFO: [ app_end ] --START--
INFO: Run Behavior\ShowPageTraceBehavior [ RunTime:0.000055s ]
INFO: [ app_end ] --END-- [ RunTime:0.000094s ]

[ 2015-06-22T22:12:37+08:00 ] 127.0.0.1 /onethink/admin.php?s=/Public/login.html
INFO: [ app_init ] --START--
INFO: Run Behavior\BuildLiteBehavior [ RunTime:0.000016s ]
INFO: Run Common\Behavior\InitHookBehavior [ RunTime:0.000300s ]
INFO: [ app_init ] --END-- [ RunTime:0.000433s ]
INFO: [ app_begin ] --START--
INFO: Run Behavior\ReadHtmlCacheBehavior [ RunTime:0.000039s ]
INFO: [ app_begin ] --END-- [ RunTime:0.000080s ]
NOTIC: [8] Undefined index: lite /var/www/onethink/ThinkPHP/Library/Think/Db.class.php 第 37 行.
SQL: SHOW COLUMNS FROM `ot_member` [ RunTime:0.0005s ]
SQL: SELECT `uid`,`nickname`,`sex`,`birthday`,`qq`,`score`,`login`,`reg_ip`,`reg_time`,`last_login_ip`,`last_login_time`,`status` FROM `ot_member` WHERE `uid` = 1 LIMIT 1   [ RunTime:0.0002s ]
SQL: SHOW COLUMNS FROM `ot_action` [ RunTime:0.0005s ]
SQL: SELECT * FROM `ot_action` WHERE `name` = 'user_login' LIMIT 1   [ RunTime:0.0001s ]
SQL: SHOW COLUMNS FROM `ot_action_log` [ RunTime:0.0005s ]
SQL: INSERT INTO `ot_action_log` (`action_id`,`user_id`,`action_ip`,`model`,`record_id`,`create_time`,`remark`) VALUES ('1','1','2130706433','member','1','1434982357','kangbiao在2015-06-22 22:12登录了后台') [ RunTime:0.0002s ]
SQL: SELECT * FROM `ot_action` WHERE `name` = 'user_login' LIMIT 1   [ RunTime:0.0001s ]
NOTIC: [8] Undefined offset: 1 /var/www/onethink/Application/Common/Common/function.php 第 679 行.
NOTIC: [2] array_key_exists() expects parameter 2 to be array, null given /var/www/onethink/Application/Common/Common/function.php 第 679 行.
SQL: SELECT COUNT(*) AS tp_count FROM `ot_action_log` WHERE `action_id` = 1 AND `user_id` = 1 AND `create_time` > 1434895957 LIMIT 1   [ RunTime:0.0002s ]
SQL: UPDATE `ot_member` SET `login`=`login`+1,`last_login_time`='1434982357',`last_login_ip`='2130706433' WHERE `uid` = 1 [ RunTime:0.0002s ]

[ 2015-06-22T22:12:37+08:00 ] 127.0.0.1 /onethink/admin.php?s=/Index/index.html
INFO: [ app_init ] --START--
INFO: Run Behavior\BuildLiteBehavior [ RunTime:0.000010s ]
INFO: Run Common\Behavior\InitHookBehavior [ RunTime:0.000156s ]
INFO: [ app_init ] --END-- [ RunTime:0.000235s ]
INFO: [ app_begin ] --START--
INFO: Run Behavior\ReadHtmlCacheBehavior [ RunTime:0.000025s ]
INFO: [ app_begin ] --END-- [ RunTime:0.000050s ]
SQL: SHOW COLUMNS FROM `ot_menu` [ RunTime:0.0005s ]
SQL: SELECT `id`,`title`,`url` FROM `ot_menu` WHERE `pid` = 0 AND `hide` = 0 ORDER BY sort asc  [ RunTime:0.0001s ]
SQL: SELECT `pid` FROM `ot_menu` WHERE ( pid !=0 AND url like '%Index/index%' ) LIMIT 1   [ RunTime:0.0000s ]
INFO: [ view_parse ] --START--
INFO: [ template_filter ] --START--
INFO: Run Behavior\ContentReplaceBehavior [ RunTime:0.000076s ]
INFO: [ template_filter ] --END-- [ RunTime:0.000133s ]
INFO: [ AdminIndex ] --START--
SQL: SHOW COLUMNS FROM `ot_addons` [ RunTime:0.0006s ]
SQL: SELECT `config` FROM `ot_addons` WHERE `name` = 'SiteStat' AND `status` = 1 LIMIT 1   [ RunTime:0.0001s ]
SQL: SHOW COLUMNS FROM `ot_member` [ RunTime:0.0005s ]
SQL: SELECT COUNT(*) AS tp_count FROM `ot_member` LIMIT 1   [ RunTime:0.0002s ]
SQL: SHOW COLUMNS FROM `ot_action_log` [ RunTime:0.0007s ]
SQL: SELECT COUNT(*) AS tp_count FROM `ot_action_log` LIMIT 1   [ RunTime:0.0002s ]
SQL: SHOW COLUMNS FROM `ot_document` [ RunTime:0.0013s ]
SQL: SELECT COUNT(*) AS tp_count FROM `ot_document` LIMIT 1   [ RunTime:0.0001s ]
SQL: SHOW COLUMNS FROM `ot_category` [ RunTime:0.0009s ]
SQL: SELECT COUNT(*) AS tp_count FROM `ot_category` LIMIT 1   [ RunTime:0.0001s ]
SQL: SHOW COLUMNS FROM `ot_model` [ RunTime:0.0008s ]
SQL: SELECT COUNT(*) AS tp_count FROM `ot_model` LIMIT 1   [ RunTime:0.0002s ]
INFO: [ view_parse ] --START--
INFO: [ template_filter ] --START--
INFO: Run Behavior\ContentReplaceBehavior [ RunTime:0.000040s ]
INFO: [ template_filter ] --END-- [ RunTime:-0.011516s ]
INFO: Run Behavior\ParseTemplateBehavior [ RunTime:0.001547s ]
INFO: [ view_parse ] --END-- [ RunTime:0.001588s ]
INFO: [ view_filter ] --START--
INFO: Run Behavior\WriteHtmlCacheBehavior [ RunTime:0.000040s ]
INFO: [ view_filter ] --END-- [ RunTime:0.000062s ]
INFO: Run Addons\SiteStat\SiteStatAddon [ RunTime:0.010249s ]
SQL: SELECT `config` FROM `ot_addons` WHERE `name` = 'DevTeam' AND `status` = 1 LIMIT 1   [ RunTime:0.0001s ]
INFO: [ view_parse ] --START--
INFO: [ template_filter ] --START--
INFO: Run Behavior\ContentReplaceBehavior [ RunTime:0.000025s ]
INFO: [ template_filter ] --END-- [ RunTime:-0.013495s ]
INFO: Run Behavior\ParseTemplateBehavior [ RunTime:0.001249s ]
INFO: [ view_parse ] --END-- [ RunTime:-0.000462s ]
INFO: [ view_filter ] --START--
INFO: Run Behavior\WriteHtmlCacheBehavior [ RunTime:0.000008s ]
INFO: [ view_filter ] --END-- [ RunTime:-0.001673s ]
INFO: Run Addons\DevTeam\DevTeamAddon [ RunTime:0.001686s ]
INFO: [ AdminIndex ] --END-- [ RunTime:0.011991s ]
INFO: Run Behavior\ParseTemplateBehavior [ RunTime:0.001360s ]
INFO: [ view_parse ] --END-- [ RunTime:-0.000462s ]
INFO: [ view_filter ] --START--
INFO: Run Behavior\WriteHtmlCacheBehavior [ RunTime:0.000005s ]
INFO: [ view_filter ] --END-- [ RunTime:-0.001775s ]
INFO: [ app_end ] --START--
INFO: Run Behavior\ShowPageTraceBehavior [ RunTime:0.000048s ]
INFO: [ app_end ] --END-- [ RunTime:0.000076s ]

[ 2015-06-22T22:12:39+08:00 ] 127.0.0.1 /onethink/admin.php?s=/Config/group.html
INFO: [ app_init ] --START--
INFO: Run Behavior\BuildLiteBehavior [ RunTime:0.000009s ]
INFO: Run Common\Behavior\InitHookBehavior [ RunTime:0.000266s ]
INFO: [ app_init ] --END-- [ RunTime:0.000348s ]
INFO: [ app_begin ] --START--
INFO: Run Behavior\ReadHtmlCacheBehavior [ RunTime:0.000024s ]
INFO: [ app_begin ] --END-- [ RunTime:0.000050s ]
SQL: SHOW COLUMNS FROM `ot_menu` [ RunTime:0.0009s ]
SQL: SELECT `id`,`title`,`url` FROM `ot_menu` WHERE `pid` = 0 AND `hide` = 0 ORDER BY sort asc  [ RunTime:0.0001s ]
SQL: SELECT `pid` FROM `ot_menu` WHERE ( pid !=0 AND url like '%Config/group%' ) LIMIT 1   [ RunTime:0.0001s ]
SQL: SELECT * FROM `ot_menu` WHERE `id` = 68 LIMIT 1   [ RunTime:0.0001s ]
SQL: SELECT DISTINCT  `group` FROM `ot_menu` WHERE `group` <> '' AND `pid` = 68  [ RunTime:0.0000s ]
SQL: SELECT `id`,`url` FROM `ot_menu` WHERE `pid` = 68 AND `hide` = 0  [ RunTime:0.0001s ]
SQL: SELECT `id`,`pid`,`title`,`url`,`tip` FROM `ot_menu` WHERE `group` = '系统设置' AND `pid` = 68 AND `hide` = 0 ORDER BY sort asc  [ RunTime:0.0001s ]
SQL: SELECT `id`,`pid`,`title`,`url`,`tip` FROM `ot_menu` WHERE `group` = '数据备份' AND `pid` = 68 AND `hide` = 0 ORDER BY sort asc  [ RunTime:0.0001s ]
SQL: SHOW COLUMNS FROM `ot_config` [ RunTime:0.0006s ]
SQL: SELECT `id`,`name`,`title`,`extra`,`value`,`remark`,`type` FROM `ot_config` WHERE `status` = 1 AND `group` = 1 ORDER BY sort  [ RunTime:0.0001s ]
INFO: [ view_parse ] --START--
INFO: [ template_filter ] --START--
INFO: Run Behavior\ContentReplaceBehavior [ RunTime:0.000091s ]
INFO: [ template_filter ] --END-- [ RunTime:0.000134s ]
INFO: Run Behavior\ParseTemplateBehavior [ RunTime:0.011537s ]
INFO: [ view_parse ] --END-- [ RunTime:0.011617s ]
INFO: [ view_filter ] --START--
INFO: Run Behavior\WriteHtmlCacheBehavior [ RunTime:0.000080s ]
INFO: [ view_filter ] --END-- [ RunTime:0.000124s ]
INFO: [ app_end ] --START--
INFO: Run Behavior\ShowPageTraceBehavior [ RunTime:0.000050s ]
INFO: [ app_end ] --END-- [ RunTime:0.000095s ]

[ 2015-06-22T22:12:40+08:00 ] 127.0.0.1 /onethink/admin.php?s=/User/index.html
INFO: [ app_init ] --START--
INFO: Run Behavior\BuildLiteBehavior [ RunTime:0.000018s ]
INFO: Run Common\Behavior\InitHookBehavior [ RunTime:0.000313s ]
INFO: [ app_init ] --END-- [ RunTime:0.000465s ]
INFO: [ app_begin ] --START--
INFO: Run Behavior\ReadHtmlCacheBehavior [ RunTime:0.000050s ]
INFO: [ app_begin ] --END-- [ RunTime:0.000101s ]
SQL: SHOW COLUMNS FROM `ot_menu` [ RunTime:0.0008s ]
SQL: SELECT `id`,`title`,`url` FROM `ot_menu` WHERE `pid` = 0 AND `hide` = 0 ORDER BY sort asc  [ RunTime:0.0001s ]
SQL: SELECT `pid` FROM `ot_menu` WHERE ( pid !=0 AND url like '%User/index%' ) LIMIT 1   [ RunTime:0.0001s ]
SQL: SELECT * FROM `ot_menu` WHERE `id` = 16 LIMIT 1   [ RunTime:0.0001s ]
SQL: SELECT DISTINCT  `group` FROM `ot_menu` WHERE `group` <> '' AND `pid` = 16  [ RunTime:0.0001s ]
SQL: SELECT `id`,`url` FROM `ot_menu` WHERE `pid` = 16 AND `hide` = 0  [ RunTime:0.0001s ]
SQL: SELECT `id`,`pid`,`title`,`url`,`tip` FROM `ot_menu` WHERE `group` = '用户管理' AND `pid` = 16 AND `hide` = 0 ORDER BY sort asc  [ RunTime:0.0002s ]
SQL: SELECT `id`,`pid`,`title`,`url`,`tip` FROM `ot_menu` WHERE `group` = '行为管理' AND `pid` = 16 AND `hide` = 0 ORDER BY sort asc  [ RunTime:0.0001s ]
SQL: SHOW COLUMNS FROM `ot_member` [ RunTime:0.0009s ]
SQL: SELECT COUNT(*) AS tp_count FROM `ot_member` WHERE `status` >= 0 AND `nickname` LIKE '%%' LIMIT 1   [ RunTime:0.0004s ]
SQL: SELECT `uid`,`nickname`,`sex`,`birthday`,`qq`,`score`,`login`,`reg_ip`,`reg_time`,`last_login_ip`,`last_login_time`,`status` FROM `ot_member` WHERE `status` >= 0 AND `nickname` LIKE '%%' ORDER BY uid desc LIMIT 0,10   [ RunTime:0.0004s ]
INFO: [ view_parse ] --START--
INFO: [ template_filter ] --START--
INFO: Run Behavior\ContentReplaceBehavior [ RunTime:0.000141s ]
INFO: [ template_filter ] --END-- [ RunTime:0.000205s ]
INFO: Run Behavior\ParseTemplateBehavior [ RunTime:0.014519s ]
INFO: [ view_parse ] --END-- [ RunTime:0.014602s ]
INFO: [ view_filter ] --START--
INFO: Run Behavior\WriteHtmlCacheBehavior [ RunTime:0.000133s ]
INFO: [ view_filter ] --END-- [ RunTime:0.000207s ]
INFO: [ app_end ] --START--
INFO: Run Behavior\ShowPageTraceBehavior [ RunTime:0.000097s ]
INFO: [ app_end ] --END-- [ RunTime:0.000174s ]

[ 2015-06-22T22:12:40+08:00 ] 127.0.0.1 /onethink/admin.php?s=/Article/index.html
INFO: [ app_init ] --START--
INFO: Run Behavior\BuildLiteBehavior [ RunTime:0.000026s ]
INFO: Run Common\Behavior\InitHookBehavior [ RunTime:0.000416s ]
INFO: [ app_init ] --END-- [ RunTime:0.000633s ]
INFO: [ app_begin ] --START--
INFO: Run Behavior\ReadHtmlCacheBehavior [ RunTime:0.000068s ]
INFO: [ app_begin ] --END-- [ RunTime:0.000153s ]
SQL: SHOW COLUMNS FROM `ot_menu` [ RunTime:0.0013s ]
SQL: SELECT `id`,`title`,`url` FROM `ot_menu` WHERE `pid` = 0 AND `hide` = 0 ORDER BY sort asc  [ RunTime:0.0001s ]
SQL: SELECT `pid` FROM `ot_menu` WHERE ( pid !=0 AND url like '%Article/index%' ) LIMIT 1   [ RunTime:0.0001s ]
SQL: SELECT * FROM `ot_menu` WHERE `id` = 2 LIMIT 1   [ RunTime:0.0001s ]
SQL: SELECT DISTINCT  `group` FROM `ot_menu` WHERE `group` <> '' AND `pid` = 2  [ RunTime:0.0001s ]
SQL: SELECT `id`,`url` FROM `ot_menu` WHERE `pid` = 2 AND `hide` = 0  [ RunTime:0.0001s ]
SQL: SELECT `id`,`pid`,`title`,`url`,`tip` FROM `ot_menu` WHERE `group` = '内容' AND `pid` = 2 AND `hide` = 0 ORDER BY sort asc  [ RunTime:0.0001s ]
SQL: SHOW COLUMNS FROM `ot_auth_group_access` [ RunTime:0.0007s ]
SQL: SELECT `extend_id` FROM ot_auth_group_access g INNER JOIN ot_auth_extend c on g.group_id=c.group_id  WHERE ( g.uid='1' and c.type='1' and !isnull(extend_id) )  [ RunTime:0.0001s ]
SQL: SHOW COLUMNS FROM `ot_category` [ RunTime:0.0011s ]
SQL: SELECT `id`,`title`,`pid`,`allow_publish` FROM `ot_category` WHERE `status` = 1 ORDER BY pid,sort  [ RunTime:0.0001s ]
SQL: SHOW COLUMNS FROM `ot_model` [ RunTime:0.0010s ]
SQL: SELECT * FROM `ot_model` WHERE `name` = 'document' LIMIT 1   [ RunTime:0.0002s ]
SQL: SHOW COLUMNS FROM `ot_document` [ RunTime:0.0012s ]
SQL: SELECT COUNT(*) AS tp_count FROM ot_document DOCUMENT WHERE `status` IN ('0','1','2') AND `pid` = 0 LIMIT 1   [ RunTime:0.0001s ]
SQL: SELECT `id`,`title`,`type`,`update_time`,`status`,`view`,`category_id`,`model_id`,`pid` FROM ot_document DOCUMENT WHERE `status` IN ('0','1','2') AND `pid` = 0 ORDER BY level DESC,DOCUMENT.id DESC LIMIT 0,10   [ RunTime:0.0001s ]
SQL: SELECT `extend` FROM `ot_model` WHERE `id` = 1 LIMIT 1   [ RunTime:0.0001s ]
SQL: SHOW COLUMNS FROM `ot_attribute` [ RunTime:0.0012s ]
SQL: SELECT `id`,`name`,`type`,`extra` FROM `ot_attribute` WHERE `model_id` = 1  [ RunTime:0.0001s ]
NOTIC: [8] Undefined variable: groups /var/www/onethink/Application/Admin/Controller/ArticleController.class.php 第 231 行.
INFO: [ view_parse ] --START--
INFO: [ template_filter ] --START--
INFO: Run Behavior\ContentReplaceBehavior [ RunTime:0.000274s ]
INFO: [ template_filter ] --END-- [ RunTime:0.000334s ]
INFO: Run Behavior\ParseTemplateBehavior [ RunTime:0.038292s ]
INFO: [ view_parse ] --END-- [ RunTime:0.038352s ]
INFO: [ view_filter ] --START--
INFO: Run Behavior\WriteHtmlCacheBehavior [ RunTime:0.000049s ]
INFO: [ view_filter ] --END-- [ RunTime:0.000081s ]
INFO: [ app_end ] --START--
INFO: Run Behavior\ShowPageTraceBehavior [ RunTime:0.000080s ]
INFO: [ app_end ] --END-- [ RunTime:0.000164s ]

[ 2015-06-22T22:12:41+08:00 ] 127.0.0.1 /onethink/admin.php?s=/User/index.html
INFO: [ app_init ] --START--
INFO: Run Behavior\BuildLiteBehavior [ RunTime:0.000031s ]
INFO: Run Common\Behavior\InitHookBehavior [ RunTime:0.000280s ]
INFO: [ app_init ] --END-- [ RunTime:0.000482s ]
INFO: [ app_begin ] --START--
INFO: Run Behavior\ReadHtmlCacheBehavior [ RunTime:0.000053s ]
INFO: [ app_begin ] --END-- [ RunTime:0.000106s ]
SQL: SHOW COLUMNS FROM `ot_menu` [ RunTime:0.0008s ]
SQL: SELECT `id`,`title`,`url` FROM `ot_menu` WHERE `pid` = 0 AND `hide` = 0 ORDER BY sort asc  [ RunTime:0.0001s ]
SQL: SELECT `pid` FROM `ot_menu` WHERE ( pid !=0 AND url like '%User/index%' ) LIMIT 1   [ RunTime:0.0001s ]
SQL: SELECT * FROM `ot_menu` WHERE `id` = 16 LIMIT 1   [ RunTime:0.0001s ]
SQL: SELECT DISTINCT  `group` FROM `ot_menu` WHERE `group` <> '' AND `pid` = 16  [ RunTime:0.0001s ]
SQL: SELECT `id`,`url` FROM `ot_menu` WHERE `pid` = 16 AND `hide` = 0  [ RunTime:0.0001s ]
SQL: SELECT `id`,`pid`,`title`,`url`,`tip` FROM `ot_menu` WHERE `group` = '用户管理' AND `pid` = 16 AND `hide` = 0 ORDER BY sort asc  [ RunTime:0.0002s ]
SQL: SELECT `id`,`pid`,`title`,`url`,`tip` FROM `ot_menu` WHERE `group` = '行为管理' AND `pid` = 16 AND `hide` = 0 ORDER BY sort asc  [ RunTime:0.0002s ]
SQL: SHOW COLUMNS FROM `ot_member` [ RunTime:0.0008s ]
SQL: SELECT COUNT(*) AS tp_count FROM `ot_member` WHERE `status` >= 0 AND `nickname` LIKE '%%' LIMIT 1   [ RunTime:0.0001s ]
SQL: SELECT `uid`,`nickname`,`sex`,`birthday`,`qq`,`score`,`login`,`reg_ip`,`reg_time`,`last_login_ip`,`last_login_time`,`status` FROM `ot_member` WHERE `status` >= 0 AND `nickname` LIKE '%%' ORDER BY uid desc LIMIT 0,10   [ RunTime:0.0001s ]
INFO: [ view_parse ] --START--
INFO: [ template_filter ] --START--
INFO: Run Behavior\ContentReplaceBehavior [ RunTime:0.000112s ]
INFO: [ template_filter ] --END-- [ RunTime:0.000169s ]
INFO: Run Behavior\ParseTemplateBehavior [ RunTime:0.009984s ]
INFO: [ view_parse ] --END-- [ RunTime:0.010028s ]
INFO: [ view_filter ] --START--
INFO: Run Behavior\WriteHtmlCacheBehavior [ RunTime:0.000040s ]
INFO: [ view_filter ] --END-- [ RunTime:0.000063s ]
INFO: [ app_end ] --START--
INFO: Run Behavior\ShowPageTraceBehavior [ RunTime:0.000029s ]
INFO: [ app_end ] --END-- [ RunTime:0.000056s ]

[ 2015-06-22T22:12:42+08:00 ] 127.0.0.1 /onethink/admin.php?s=/Config/group.html
INFO: [ app_init ] --START--
INFO: Run Behavior\BuildLiteBehavior [ RunTime:0.000010s ]
INFO: Run Common\Behavior\InitHookBehavior [ RunTime:0.000164s ]
INFO: [ app_init ] --END-- [ RunTime:0.000247s ]
INFO: [ app_begin ] --START--
INFO: Run Behavior\ReadHtmlCacheBehavior [ RunTime:0.000024s ]
INFO: [ app_begin ] --END-- [ RunTime:0.000053s ]
SQL: SHOW COLUMNS FROM `ot_menu` [ RunTime:0.0006s ]
SQL: SELECT `id`,`title`,`url` FROM `ot_menu` WHERE `pid` = 0 AND `hide` = 0 ORDER BY sort asc  [ RunTime:0.0001s ]
SQL: SELECT `pid` FROM `ot_menu` WHERE ( pid !=0 AND url like '%Config/group%' ) LIMIT 1   [ RunTime:0.0001s ]
SQL: SELECT * FROM `ot_menu` WHERE `id` = 68 LIMIT 1   [ RunTime:0.0001s ]
SQL: SELECT DISTINCT  `group` FROM `ot_menu` WHERE `group` <> '' AND `pid` = 68  [ RunTime:0.0001s ]
SQL: SELECT `id`,`url` FROM `ot_menu` WHERE `pid` = 68 AND `hide` = 0  [ RunTime:0.0000s ]
SQL: SELECT `id`,`pid`,`title`,`url`,`tip` FROM `ot_menu` WHERE `group` = '系统设置' AND `pid` = 68 AND `hide` = 0 ORDER BY sort asc  [ RunTime:0.0001s ]
SQL: SELECT `id`,`pid`,`title`,`url`,`tip` FROM `ot_menu` WHERE `group` = '数据备份' AND `pid` = 68 AND `hide` = 0 ORDER BY sort asc  [ RunTime:0.0001s ]
SQL: SHOW COLUMNS FROM `ot_config` [ RunTime:0.0006s ]
SQL: SELECT `id`,`name`,`title`,`extra`,`value`,`remark`,`type` FROM `ot_config` WHERE `status` = 1 AND `group` = 1 ORDER BY sort  [ RunTime:0.0001s ]
INFO: [ view_parse ] --START--
INFO: [ template_filter ] --START--
INFO: Run Behavior\ContentReplaceBehavior [ RunTime:0.000107s ]
INFO: [ template_filter ] --END-- [ RunTime:0.000176s ]
INFO: Run Behavior\ParseTemplateBehavior [ RunTime:0.011959s ]
INFO: [ view_parse ] --END-- [ RunTime:0.012019s ]
INFO: [ view_filter ] --START--
INFO: Run Behavior\WriteHtmlCacheBehavior [ RunTime:0.000075s ]
INFO: [ view_filter ] --END-- [ RunTime:0.000110s ]
INFO: [ app_end ] --START--
INFO: Run Behavior\ShowPageTraceBehavior [ RunTime:0.000213s ]
INFO: [ app_end ] --END-- [ RunTime:0.000367s ]

